2015-07-16 12:12:15,927 DEBUG Building prefix dict from /home/zxy/phishing_check/server_base/jieba/dict.txt ...
2015-07-16 12:12:17,669 DEBUG Dumping model to file cache /tmp/jieba.cache
2015-07-16 12:12:17,961 DEBUG Loading model cost 2.033 seconds.
2015-07-16 12:12:17,961 DEBUG Prefix dict has been built succesfully.
2015-07-16 12:12:18,885 CRITI www.taobaocomgh.bianbn.cn For detail in 
2015-07-16 12:12:31,547 CRITI www.hbisa.cn For detail in 
2015-07-16 12:27:00,070 INFO  Url:http://www.taobaocomgh.bianbn.cn/a1.as/ in database.
2015-07-16 12:27:00,463 INFO  Url:http://tmgmsdkjhgwer.skugbc.com/ZLjh.as/ in database.
2015-07-16 12:27:00,628 INFO  Url:http://www.hbisa.cn/ in database.
2015-07-16 12:27:00,800 INFO  Url:http://www.truthme.net/ in database.
2015-07-16 12:27:00,910 INFO  Url:http://www.nosoc.net/ in database.
2015-07-16 12:27:01,065 INFO  Url:http://www.taobaozs.net/ in database.
2015-07-16 12:27:01,179 INFO  Url:http://www.zonegolf.net/ in database.
2015-07-16 12:27:01,347 INFO  Url:http://www.zgnong.net/ in database.
2015-07-16 12:27:02,972 DEBUG Building prefix dict from /home/zxy/phishing_check/server_base/jieba/dict.txt ...
2015-07-16 12:27:02,974 DEBUG Loading model from cache /tmp/jieba.cache
2015-07-16 12:27:03,380 DEBUG Loading model cost 0.407 seconds.
2015-07-16 12:27:03,381 DEBUG Prefix dict has been built succesfully.
2015-07-16 12:27:22,172 ERROR http://www.sqzzg.com/:Error: [Errno 104] Connection reset by peer
2015-07-16 12:27:30,208 CRITI ef2ij.qqjfi.cn For detail in 
2015-07-16 12:27:47,553 ERROR http://www.jjfbjl.com/jj.cn/index.htm/:Error: [Errno -5] No address associated with hostname
2015-07-16 12:27:58,879 CRITI www.xyljdb.gov.cn For detail in 
2015-07-16 12:28:23,166 INFO  Url:http://www.taobaocomgh.bianbn.cn/a1.as/ in database.
2015-07-16 12:28:23,451 INFO  Url:http://tmgmsdkjhgwer.skugbc.com/ZLjh.as/ in database.
2015-07-16 12:28:23,709 INFO  Url:http://www.hbisa.cn/ in database.
2015-07-16 12:28:24,385 INFO  Url:http://www.truthme.net/ in database.
2015-07-16 12:28:24,737 INFO  Url:http://www.nosoc.net/ in database.
2015-07-16 12:28:25,661 INFO  Url:http://www.taobaozs.net/ in database.
2015-07-16 12:28:26,050 INFO  Url:http://www.zonegolf.net/ in database.
2015-07-16 12:28:26,320 INFO  Url:http://www.zgnong.net/ in database.
2015-07-16 12:28:26,629 INFO  Url:http://www.mqgdjj.net/ in database.
2015-07-16 12:28:27,090 INFO  Url:http://www.bibilkk.com/ in database.
2015-07-16 12:28:27,233 INFO  Url:http://www.cf22f.com/ in database.
2015-07-16 12:28:28,307 ERROR http://www.sqzzg.com/:Error: [Errno 104] Connection reset by peer
2015-07-16 12:28:29,507 INFO  Url:http://www.xihacf.com/ in database.
2015-07-16 12:28:29,645 INFO  Url:http://ef2ij.qqjfi.cn/ in database.
2015-07-16 12:28:29,809 INFO  Url:http://zfdx.chinajjcn.com/ in database.
2015-07-16 12:28:29,985 INFO  Url:http://www.qzccpit.org/taiuploads/images/jj1/ in database.
2015-07-16 12:28:34,906 INFO  Url:http://www.xyljdb.gov.cn/images/changyou.com/ in database.
2015-07-16 12:28:45,170 CRITI jcard1.com For detail in whois.godaddy.com
2015-07-16 12:28:45,234 DEBUG Building prefix dict from /home/zxy/phishing_check/server_base/jieba/dict.txt ...
2015-07-16 12:28:45,237 DEBUG Loading model from cache /tmp/jieba.cache
2015-07-16 12:28:45,638 DEBUG Loading model cost 0.403 seconds.
2015-07-16 12:28:45,639 DEBUG Prefix dict has been built succesfully.
2015-07-16 12:29:12,606 ERROR http://www.sckans.net/:Error: [Errno 104] Connection reset by peer
2015-07-16 12:29:24,684 CRITI gaotie.gltdr.cn For detail in 
2015-07-16 12:29:38,937 CRITI ibgsm.com For detail in ewhois.sundns.com
2015-07-16 12:29:48,085 CRITI cdbpl.com For detail in whois.networksolutions.com
2015-07-16 12:30:02,628 ERROR http://tbyio.com/:Error: [Errno 104] Connection reset by peer
2015-07-16 12:31:09,548 ERROR http://choiskycn.luoxinyy.com/:Error: [Errno -5] No address associated with hostname
2015-07-16 12:31:31,585 CRITI luomahs.com For detail in whois.nawang.cn
2015-07-16 12:34:05,561 ERROR http://dddsg.pw/icbc/:Error: [Errno 110] Connection timed out
2015-07-16 12:38:12,893 DEBUG Building prefix dict from /home/zxy/phishing_check/server_base/jieba/dict.txt ...
2015-07-16 12:38:12,896 DEBUG Loading model from cache /tmp/jieba.cache
2015-07-16 12:38:13,295 DEBUG Loading model cost 0.401 seconds.
2015-07-16 12:38:13,296 DEBUG Prefix dict has been built succesfully.
2015-07-16 12:38:13,472 INFO  Url:http://www.taobaocomgh.bianbn.cn/a1.as/ in database.
2015-07-16 12:38:13,744 INFO  Url:http://tmgmsdkjhgwer.skugbc.com/ZLjh.as/ in database.
2015-07-16 12:38:14,020 INFO  Url:http://www.hbisa.cn/ in database.
2015-07-16 12:38:14,314 INFO  Url:http://www.truthme.net/ in database.
2015-07-16 12:38:14,551 INFO  Url:http://www.nosoc.net/ in database.
2015-07-16 12:38:14,764 INFO  Url:http://www.taobaozs.net/ in database.
2015-07-16 12:38:15,003 INFO  Url:http://www.zonegolf.net/ in database.
2015-07-16 12:38:15,224 INFO  Url:http://www.zgnong.net/ in database.
2015-07-16 12:38:15,471 INFO  Url:http://www.mqgdjj.net/ in database.
2015-07-16 12:38:44,081 DEBUG Building prefix dict from /home/zxy/phishing_check/server_base/jieba/dict.txt ...
2015-07-16 12:38:44,088 DEBUG Loading model from cache /tmp/jieba.cache
2015-07-16 12:38:44,486 DEBUG Loading model cost 0.404 seconds.
2015-07-16 12:38:44,487 DEBUG Prefix dict has been built succesfully.
2015-07-16 12:38:44,716 INFO  Url:http://www.taobaocomgh.bianbn.cn/a1.as/ in database.
2015-07-16 12:38:44,977 INFO  Url:http://tmgmsdkjhgwer.skugbc.com/ZLjh.as/ in database.
2015-07-16 12:38:45,253 INFO  Url:http://www.hbisa.cn/ in database.
2015-07-16 12:38:45,520 INFO  Url:http://www.truthme.net/ in database.
2015-07-16 12:38:45,791 INFO  Url:http://www.nosoc.net/ in database.
2015-07-16 12:38:46,005 INFO  Url:http://www.taobaozs.net/ in database.
2015-07-16 12:41:08,804 DEBUG Building prefix dict from /home/zxy/phishing_check/server_base/jieba/dict.txt ...
2015-07-16 12:41:08,812 DEBUG Loading model from cache /tmp/jieba.cache
2015-07-16 12:41:09,226 DEBUG Loading model cost 0.418 seconds.
2015-07-16 12:41:09,226 DEBUG Prefix dict has been built succesfully.
2015-07-16 12:41:14,481 INFO  Url:http://www.taobaocomgh.bianbn.cn/a1.as/ in database.
2015-07-16 12:41:14,757 INFO  Url:http://tmgmsdkjhgwer.skugbc.com/ZLjh.as/ in database.
2015-07-16 12:41:15,006 INFO  Url:http://www.hbisa.cn/ in database.
2015-07-16 12:41:15,302 INFO  Url:http://www.truthme.net/ in database.
2015-07-16 12:44:08,347 DEBUG Building prefix dict from /home/zxy/phishing_check/server_base/jieba/dict.txt ...
2015-07-16 12:44:08,354 DEBUG Loading model from cache /tmp/jieba.cache
2015-07-16 12:44:08,746 DEBUG Loading model cost 0.397 seconds.
2015-07-16 12:44:08,746 DEBUG Prefix dict has been built succesfully.
2015-07-16 12:44:28,417 DEBUG Building prefix dict from /home/zxy/phishing_check/server_base/jieba/dict.txt ...
2015-07-16 12:44:28,424 DEBUG Loading model from cache /tmp/jieba.cache
2015-07-16 12:44:28,839 DEBUG Loading model cost 0.421 seconds.
2015-07-16 12:44:28,840 DEBUG Prefix dict has been built succesfully.
2015-07-16 12:45:03,953 DEBUG Building prefix dict from /home/zxy/phishing_check/server_base/jieba/dict.txt ...
2015-07-16 12:45:03,958 DEBUG Loading model from cache /tmp/jieba.cache
2015-07-16 12:45:04,395 DEBUG Loading model cost 0.441 seconds.
2015-07-16 12:45:04,395 DEBUG Prefix dict has been built succesfully.
2015-07-16 12:45:59,392 DEBUG Building prefix dict from /home/zxy/phishing_check/server_base/jieba/dict.txt ...
2015-07-16 12:45:59,396 DEBUG Loading model from cache /tmp/jieba.cache
2015-07-16 12:45:59,819 DEBUG Loading model cost 0.426 seconds.
2015-07-16 12:45:59,820 DEBUG Prefix dict has been built succesfully.
2015-07-16 12:47:34,354 DEBUG Building prefix dict from /home/zxy/phishing_check/server_base/jieba/dict.txt ...
2015-07-16 12:47:34,356 DEBUG Loading model from cache /tmp/jieba.cache
2015-07-16 12:47:34,773 DEBUG Loading model cost 0.419 seconds.
2015-07-16 12:47:34,773 DEBUG Prefix dict has been built succesfully.
2015-07-16 12:51:43,503 DEBUG Building prefix dict from /home/zxy/phishing_check/server_base/jieba/dict.txt ...
2015-07-16 12:51:43,513 DEBUG Loading model from cache /tmp/jieba.cache
2015-07-16 12:51:43,898 DEBUG Loading model cost 0.393 seconds.
2015-07-16 12:51:43,899 DEBUG Prefix dict has been built succesfully.
2015-07-16 12:53:05,268 DEBUG Building prefix dict from /home/zxy/phishing_check/server_base/jieba/dict.txt ...
2015-07-16 12:53:05,273 DEBUG Loading model from cache /tmp/jieba.cache
2015-07-16 12:53:05,660 DEBUG Loading model cost 0.391 seconds.
2015-07-16 12:53:05,660 DEBUG Prefix dict has been built succesfully.
2015-07-16 12:53:25,788 DEBUG Building prefix dict from /home/zxy/phishing_check/server_base/jieba/dict.txt ...
2015-07-16 12:53:25,794 DEBUG Loading model from cache /tmp/jieba.cache
2015-07-16 12:53:26,213 DEBUG Loading model cost 0.422 seconds.
2015-07-16 12:53:26,213 DEBUG Prefix dict has been built succesfully.
2015-07-16 12:56:24,800 DEBUG Building prefix dict from /home/zxy/phishing_check/server_base/jieba/dict.txt ...
2015-07-16 12:56:24,805 DEBUG Loading model from cache /tmp/jieba.cache
2015-07-16 12:56:25,198 DEBUG Loading model cost 0.397 seconds.
2015-07-16 12:56:25,198 DEBUG Prefix dict has been built succesfully.
2015-07-16 12:56:25,399 INFO  Url:http://www.taobaocomgh.bianbn.cn/a1.as/ in database.
2015-07-16 12:56:25,670 INFO  Url:http://tmgmsdkjhgwer.skugbc.com/ZLjh.as/ in database.
2015-07-16 12:56:25,910 INFO  Url:http://www.hbisa.cn/ in database.
2015-07-16 12:56:26,249 INFO  Url:http://www.truthme.net/ in database.
2015-07-16 12:56:31,487 INFO  Url:http://www.nosoc.net/ in database.
2015-07-16 12:56:36,811 INFO  Url:http://www.taobaozs.net/ in database.
2015-07-16 12:56:37,174 INFO  Url:http://www.zonegolf.net/ in database.
2015-07-16 12:56:37,516 INFO  Url:http://www.zgnong.net/ in database.
2015-07-16 12:56:37,916 INFO  Url:http://www.mqgdjj.net/ in database.
2015-07-16 12:56:38,268 INFO  Url:http://www.bibilkk.com/ in database.
2015-07-16 12:58:41,298 DEBUG Building prefix dict from /home/zxy/phishing_check/server_base/jieba/dict.txt ...
2015-07-16 12:58:41,300 DEBUG Loading model from cache /tmp/jieba.cache
2015-07-16 12:58:41,695 DEBUG Loading model cost 0.396 seconds.
2015-07-16 12:58:41,695 DEBUG Prefix dict has been built succesfully.
2015-07-16 12:58:42,055 INFO  Url:http://www.taobaocomgh.bianbn.cn/a1.as/ in database.
2015-07-16 12:58:42,313 INFO  Url:http://tmgmsdkjhgwer.skugbc.com/ZLjh.as/ in database.
2015-07-16 12:58:42,559 INFO  Url:http://www.hbisa.cn/ in database.
2015-07-16 12:58:42,883 INFO  Url:http://www.truthme.net/ in database.
2015-07-16 12:58:43,128 INFO  Url:http://www.nosoc.net/ in database.
2015-07-16 12:58:43,386 INFO  Url:http://www.taobaozs.net/ in database.
2015-07-16 12:58:43,621 INFO  Url:http://www.zonegolf.net/ in database.
2015-07-16 12:58:43,820 INFO  Url:http://www.zgnong.net/ in database.
2015-07-16 12:58:44,036 INFO  Url:http://www.mqgdjj.net/ in database.
2015-07-16 12:58:44,280 INFO  Url:http://www.bibilkk.com/ in database.
2015-07-16 12:58:44,529 INFO  Url:http://www.cf22f.com/ in database.
2015-07-16 12:58:46,398 ERROR http://www.sqzzg.com/:Error: [Errno 104] Connection reset by peer
2015-07-16 12:58:46,693 INFO  Url:http://www.xihacf.com/ in database.
2015-07-16 12:58:46,914 INFO  Url:http://ef2ij.qqjfi.cn/ in database.
2015-07-16 12:58:47,320 INFO  Url:http://zfdx.chinajjcn.com/ in database.
2015-07-16 12:58:47,622 INFO  Url:http://www.qzccpit.org/taiuploads/images/jj1/ in database.
2015-07-16 12:58:47,864 INFO  Url:http://www.jjfbjl.com/jj.cn/index.htm/ in database.
2015-07-16 12:58:48,046 INFO  Url:http://www.xyljdb.gov.cn/images/changyou.com/ in database.
2015-07-16 12:58:48,331 INFO  Url:http://www.jcard1.com/paycon.html?gameId=263/ in database.
2015-07-16 12:58:48,621 INFO  Url:http://jsws2013.com/ in database.
2015-07-16 12:58:49,317 INFO  Url:http://www.mesdn.net/ in database.
2015-07-16 12:58:49,542 INFO  Url:http://www.inlishui.net/ in database.
2015-07-16 12:58:53,189 INFO  Url:http://mzlmc.net/ in database.
2015-07-16 12:58:53,519 INFO  Url:http://www.zdphc.com/ in database.
2015-07-16 12:58:53,759 INFO  Url:http://gaotie.gltdr.cn/html/index.as/ in database.
2015-07-16 12:58:54,015 INFO  Url:http://mail-lost-apple.com/cgi-bin/WebObjects/MyAppleId.woa/wa/submited?token=6894a7d8-1c4e-4b96/ in database.
2015-07-16 12:58:54,573 INFO  Url:http://www.ksup.com.cn/ in database.
2015-07-16 12:58:55,247 INFO  Url:http://pen10086.ibgsm.com/ in database.
2015-07-16 12:59:13,406 INFO  Url:http://fdgdfg5.cdbpl.com/ in database.
2015-07-16 12:59:30,068 INFO  Url:http://www.taobgfk.cc/?qqdrsign=01532/ in database.
2015-07-16 12:59:31,380 INFO  Url:http://www.bpbar.cc/ in database.
2015-07-16 12:59:31,607 INFO  Url:http://taobao.689zx.cc/ in database.
2015-07-16 12:59:31,804 INFO  Url:http://www.hhuks.cc/ in database.
2015-07-16 12:59:32,012 INFO  Url:http://www.toabazj.com/ in database.
2015-07-16 12:59:32,971 INFO  Url:http://taosaoc.com/ in database.
2015-07-16 12:59:33,182 INFO  Url:http://taoxes.com/ in database.
2015-07-16 12:59:33,445 INFO  Url:http://tpuyb.cc/ in database.
2015-07-16 12:59:33,676 INFO  Url:http://www.qiaoshisuiw.com/ in database.
2015-07-16 12:59:45,981 INFO  Url:http://www.luomahs.com/Aspx/qiaoshisui.html/ in database.
2015-07-16 12:59:47,456 INFO  Url:http://pinganzaixian.weizhangjilu.com/ in database.
2015-07-16 12:59:47,704 INFO  Url:http://admin.hqxsvu.com/app/ccbMain/ in database.
2015-07-16 13:02:06,968 ERROR http://dddsg.pw/icbc/:Error: [Errno 110] Connection timed out
2015-07-16 13:02:23,302 ERROR http://kykmqg.ga/abs/www.sohu.com/:Error: No root WHOIS server found for domain.
2015-07-16 13:13:16,130 DEBUG Building prefix dict from /home/zxy/phishing_check/server_base/jieba/dict.txt ...
2015-07-16 13:13:16,135 DEBUG Loading model from cache /tmp/jieba.cache
2015-07-16 13:13:16,536 DEBUG Loading model cost 0.404 seconds.
2015-07-16 13:13:16,536 DEBUG Prefix dict has been built succesfully.
2015-07-16 13:13:16,888 INFO  Url:http://www.taobaocomgh.bianbn.cn/a1.as/ in database.
2015-07-16 13:13:17,297 INFO  Url:http://tmgmsdkjhgwer.skugbc.com/ZLjh.as/ in database.
2015-07-16 13:13:17,641 INFO  Url:http://www.hbisa.cn/ in database.
2015-07-16 13:13:18,052 INFO  Url:http://www.truthme.net/ in database.
2015-07-16 13:13:18,345 INFO  Url:http://www.nosoc.net/ in database.
2015-07-16 13:13:18,705 INFO  Url:http://www.taobaozs.net/ in database.
2015-07-16 13:13:19,115 INFO  Url:http://www.zonegolf.net/ in database.
2015-07-16 13:13:19,458 INFO  Url:http://www.zgnong.net/ in database.
2015-07-16 13:13:19,809 INFO  Url:http://www.mqgdjj.net/ in database.
2015-07-16 13:13:20,163 INFO  Url:http://www.bibilkk.com/ in database.
2015-07-16 13:13:32,453 INFO  Url:http://www.cf22f.com/ in database.
2015-07-16 13:13:35,439 ERROR http://www.sqzzg.com/:Error: [Errno 104] Connection reset by peer
2015-07-16 13:13:35,706 INFO  Url:http://www.xihacf.com/ in database.
2015-07-16 13:13:35,977 INFO  Url:http://ef2ij.qqjfi.cn/ in database.
2015-07-16 13:13:36,233 INFO  Url:http://zfdx.chinajjcn.com/ in database.
2015-07-16 13:13:36,473 INFO  Url:http://www.qzccpit.org/taiuploads/images/jj1/ in database.
2015-07-16 13:13:36,734 INFO  Url:http://www.jjfbjl.com/jj.cn/index.htm/ in database.
2015-07-16 13:13:37,006 INFO  Url:http://www.xyljdb.gov.cn/images/changyou.com/ in database.
2015-07-16 13:13:37,302 INFO  Url:http://www.jcard1.com/paycon.html?gameId=263/ in database.
2015-07-16 13:13:37,588 INFO  Url:http://jsws2013.com/ in database.
2015-07-16 13:13:37,789 INFO  Url:http://www.mesdn.net/ in database.
2015-07-16 13:13:38,062 INFO  Url:http://www.inlishui.net/ in database.
2015-07-16 13:13:38,333 INFO  Url:http://www.sckans.net/ in database.
2015-07-16 13:13:38,560 INFO  Url:http://mzlmc.net/ in database.
2015-07-16 13:13:43,822 INFO  Url:http://www.zdphc.com/ in database.
2015-07-16 13:13:45,866 INFO  Url:http://gaotie.gltdr.cn/html/index.as/ in database.
2015-07-16 13:14:06,132 INFO  Url:http://mail-lost-apple.com/cgi-bin/WebObjects/MyAppleId.woa/wa/submited?token=6894a7d8-1c4e-4b96/ in database.
2015-07-16 13:14:06,380 INFO  Url:http://www.ksup.com.cn/ in database.
2015-07-16 13:14:11,692 INFO  Url:http://pen10086.ibgsm.com/ in database.
2015-07-16 13:14:22,240 INFO  Url:http://fdgdfg5.cdbpl.com/ in database.
2015-07-16 13:14:27,919 INFO  Url:http://tbyio.com/ in database.
2015-07-16 13:14:28,128 INFO  Url:http://www.taobgfk.cc/?qqdrsign=01532/ in database.
2015-07-16 13:14:28,371 INFO  Url:http://www.bpbar.cc/ in database.
2015-07-16 13:14:28,610 INFO  Url:http://taobao.689zx.cc/ in database.
2015-07-16 13:14:28,876 INFO  Url:http://www.hhuks.cc/ in database.
2015-07-16 13:14:29,157 INFO  Url:http://www.toabazj.com/ in database.
2015-07-16 13:14:29,435 INFO  Url:http://taosaoc.com/ in database.
2015-07-16 13:14:29,671 INFO  Url:http://taoxes.com/ in database.
2015-07-16 13:14:29,886 INFO  Url:http://tpuyb.cc/ in database.
2015-07-16 13:14:30,126 INFO  Url:http://www.qiaoshisuiw.com/ in database.
2015-07-16 13:14:30,383 INFO  Url:http://choiskycn.luoxinyy.com/ in database.
2015-07-16 13:14:30,678 INFO  Url:http://www.luomahs.com/Aspx/qiaoshisui.html/ in database.
2015-07-16 13:14:30,944 INFO  Url:http://pinganzaixian.weizhangjilu.com/ in database.
2015-07-16 13:14:31,525 INFO  Url:http://admin.hqxsvu.com/app/ccbMain/ in database.
2015-07-16 13:14:34,576 CRITI laws.ms For detail in whois.nic.ms
2015-07-16 13:16:52,729 ERROR http://dddsg.pw/icbc/:Error: [Errno 110] Connection timed out
2015-07-16 13:16:53,727 INFO  Url:http://www.nfvzk.com/up.asp/ in database.
2015-07-16 13:16:54,418 ERROR http://kykmqg.ga/abs/www.sohu.com/:Error: No root WHOIS server found for domain.
2015-07-16 13:16:54,659 INFO  Url:http://www.xmktv.net/about/hz/ in database.
2015-07-16 13:16:54,902 INFO  Url:http://aqqb.net/ in database.
2015-07-16 13:16:55,169 INFO  Url:http://www.huitu8.com/youxi/index.html/ in database.
2015-07-16 13:17:00,431 INFO  Url:http://qq.y.compuinter.com/588/log.htm/ in database.
2015-07-16 13:17:00,664 ERROR Error:(1040, 'Too many connections')
2015-07-16 13:17:00,909 ERROR Error:(1040, 'Too many connections')
2015-07-16 13:17:01,176 ERROR Error:(1040, 'Too many connections')
2015-07-16 13:17:01,409 ERROR Error:(1040, 'Too many connections')
2015-07-16 13:17:01,658 ERROR Error:(1040, 'Too many connections')
2015-07-16 13:17:01,908 ERROR Error:(1040, 'Too many connections')
2015-07-16 13:17:02,162 ERROR Error:(1040, 'Too many connections')
2015-07-16 13:17:03,333 ERROR Error:(1040, 'Too many connections')
2015-07-16 13:17:14,578 ERROR Error:(1040, 'Too many connections')
2015-07-16 13:17:14,889 ERROR Error:(1040, 'Too many connections')
2015-07-16 13:17:15,141 ERROR Error:(1040, 'Too many connections')
2015-07-16 13:17:16,595 ERROR Error:(1040, 'Too many connections')
2015-07-16 13:17:16,900 ERROR Error:(1040, 'Too many connections')
2015-07-16 13:17:17,663 ERROR Error:(1040, 'Too many connections')
2015-07-16 13:17:18,549 ERROR Error:(1040, 'Too many connections')
2015-07-16 13:17:19,253 ERROR Error:(1040, 'Too many connections')
2015-07-16 13:17:20,030 ERROR Error:(1040, 'Too many connections')
2015-07-16 13:17:20,924 ERROR Error:(1040, 'Too many connections')
2015-07-16 13:17:21,755 ERROR Error:(1040, 'Too many connections')
2015-07-16 13:17:23,277 ERROR Error:(1040, 'Too many connections')
2015-07-16 13:17:24,155 ERROR Error:(1040, 'Too many connections')
2015-07-16 13:17:26,020 ERROR Error:(1040, 'Too many connections')
2015-07-16 13:17:26,788 ERROR Error:(1040, 'Too many connections')
2015-07-16 13:17:27,374 ERROR Error:(1040, 'Too many connections')
2015-07-16 13:17:28,174 ERROR Error:(1040, 'Too many connections')
2015-07-16 13:17:48,724 ERROR Error:(1040, 'Too many connections')
2015-07-16 13:17:49,705 ERROR Error:(1040, 'Too many connections')
2015-07-16 13:17:50,582 ERROR Error:(1040, 'Too many connections')
2015-07-16 13:17:51,084 ERROR Error:(1040, 'Too many connections')
2015-07-16 13:17:51,754 ERROR Error:(1040, 'Too many connections')
2015-07-16 13:17:52,721 ERROR Error:(1040, 'Too many connections')
2015-07-16 13:17:54,274 ERROR Error:(1040, 'Too many connections')
2015-07-16 13:17:55,134 ERROR Error:(1040, 'Too many connections')
2015-07-16 13:17:55,946 ERROR Error:(1040, 'Too many connections')
2015-07-16 13:17:56,501 ERROR Error:(1040, 'Too many connections')
2015-07-16 13:17:57,052 ERROR Error:(1040, 'Too many connections')
2015-07-16 13:17:58,031 ERROR Error:(1040, 'Too many connections')
2015-07-16 13:17:58,936 ERROR Error:(1040, 'Too many connections')
2015-07-16 13:17:59,745 ERROR Error:(1040, 'Too many connections')
2015-07-16 13:18:02,339 ERROR Error:(1040, 'Too many connections')
2015-07-16 13:18:03,334 ERROR Error:(1040, 'Too many connections')
2015-07-16 13:18:07,959 ERROR Error:(1040, 'Too many connections')
2015-07-16 13:18:09,147 ERROR Error:(1040, 'Too many connections')
2015-07-16 13:18:10,101 ERROR Error:(1040, 'Too many connections')
2015-07-16 13:18:11,706 ERROR Error:(1040, 'Too many connections')
2015-07-16 13:18:13,336 ERROR Error:(1040, 'Too many connections')
2015-07-16 13:18:14,146 ERROR Error:(1040, 'Too many connections')
2015-07-16 13:18:15,044 ERROR Error:(1040, 'Too many connections')
2015-07-16 13:18:16,042 ERROR Error:(1040, 'Too many connections')
2015-07-16 13:18:17,764 ERROR Error:(1040, 'Too many connections')
2015-07-16 13:18:26,801 ERROR Error:(1040, 'Too many connections')
2015-07-16 13:18:31,362 ERROR Error:(1040, 'Too many connections')
2015-07-16 13:18:32,175 ERROR Error:(1040, 'Too many connections')
2015-07-16 13:18:33,461 ERROR Error:(1040, 'Too many connections')
2015-07-16 13:18:35,113 ERROR Error:(1040, 'Too many connections')
2015-07-16 13:18:35,653 ERROR Error:(1040, 'Too many connections')
2015-07-16 13:18:36,106 ERROR Error:(1040, 'Too many connections')
2015-07-16 13:18:36,652 ERROR Error:(1040, 'Too many connections')
2015-07-16 13:18:37,398 ERROR Error:(1040, 'Too many connections')
2015-07-16 13:18:37,925 ERROR Error:(1040, 'Too many connections')
2015-07-16 13:18:38,740 ERROR Error:(1040, 'Too many connections')
2015-07-16 13:18:39,677 ERROR Error:(1040, 'Too many connections')
2015-07-16 13:18:40,579 ERROR Error:(1040, 'Too many connections')
2015-07-16 13:18:41,123 ERROR Error:(1040, 'Too many connections')
2015-07-16 13:18:41,943 ERROR Error:(1040, 'Too many connections')
2015-07-16 13:18:42,667 ERROR Error:(1040, 'Too many connections')
2015-07-16 13:18:43,331 ERROR Error:(1040, 'Too many connections')
2015-07-16 13:18:44,936 ERROR Error:(1040, 'Too many connections')
2015-07-16 13:18:45,857 ERROR Error:(1040, 'Too many connections')
2015-07-16 13:18:46,416 ERROR Error:(1040, 'Too many connections')
2015-07-16 13:18:50,557 ERROR Error:(1040, 'Too many connections')
2015-07-16 13:19:01,284 ERROR Error:(1040, 'Too many connections')
2015-07-16 13:19:02,264 ERROR Error:(1040, 'Too many connections')
2015-07-16 13:19:02,935 ERROR Error:(1040, 'Too many connections')
2015-07-16 13:19:03,824 ERROR Error:(1040, 'Too many connections')
2015-07-16 13:19:05,038 ERROR Error:(1040, 'Too many connections')
2015-07-16 13:19:05,707 ERROR Error:(1040, 'Too many connections')
2015-07-16 13:19:06,422 ERROR Error:(1040, 'Too many connections')
2015-07-16 13:19:07,192 ERROR Error:(1040, 'Too many connections')
2015-07-16 13:19:18,345 ERROR Error:(1040, 'Too many connections')
2015-07-16 13:19:23,034 ERROR Error:(1040, 'Too many connections')
2015-07-16 13:19:23,728 ERROR Error:(1040, 'Too many connections')
