
***********************************************************
Wed Apr 20 19:44:32 2016: engine server start
Wed Apr 20 19:44:32 2016  子线程启动:
20572
http://bbs.wolfax.com/f-42-1.html
in save
20582
http://forum.vanhi.com/forum-38-1.html
Wed Apr 20 19:47:52 2016  kill achieved:
子线程关闭
rerere
Wed Apr 20 19:47:52 2016  子线程启动:
20614
http://forum.vanhi.com/forum-38-1.html
Wed Apr 20 19:51:12 2016  kill achieved:
子线程关闭
rerere
Wed Apr 20 19:51:12 2016  子线程启动:
20643
http://forum.vanhi.com/forum-38-1.html
Wed Apr 20 19:54:32 2016  kill achieved:
子线程关闭
rerere
Wed Apr 20 19:54:32 2016  子线程启动:
20672
http://forum.vanhi.com/forum-38-1.html
Wed Apr 20 19:57:53 2016  kill achieved:
子线程关闭
rerere
Wed Apr 20 19:57:53 2016  子线程启动:
20705
http://forum.vanhi.com/forum-38-1.html
Wed Apr 20 20:01:13 2016  kill achieved:
子线程关闭
rerere
Wed Apr 20 20:01:13 2016  子线程启动:
20735
http://forum.vanhi.com/forum-38-1.html
Wed Apr 20 20:04:33 2016  kill achieved:
子线程关闭
rerere
Wed Apr 20 20:04:33 2016  子线程启动:
20765
http://forum.vanhi.com/forum-38-1.html
Wed Apr 20 20:07:53 2016  kill achieved:
子线程关闭
rerere
Wed Apr 20 20:07:53 2016  子线程启动:
20793
http://forum.vanhi.com/forum-38-1.html
Wed Apr 20 20:11:13 2016  kill achieved:
子线程关闭
rerere
Wed Apr 20 20:11:13 2016  子线程启动:
20827
http://forum.vanhi.com/forum-38-1.html
Wed Apr 20 20:14:33 2016  kill achieved:
子线程关闭
rerere
Wed Apr 20 20:14:33 2016  子线程启动:
20857
http://forum.vanhi.com/forum-38-1.html
in save
20871
http://enewstree.com/discuz/forum.php?mod=forumdisplay&fid=47
in save
in save
20889
http://www.wailaike.net/group_post?gid=1
in save
子线程关闭

***********************************************************
Thu Apr 21 18:25:01 2016: engine server start
Thu Apr 21 18:25:01 2016  子线程启动:
Thu Apr 21 18:28:21 2016  kill achieved:
子线程关闭
rerere
Thu Apr 21 18:28:21 2016  子线程启动:
Thu Apr 21 18:31:42 2016  kill achieved:
子线程关闭
rerere
Thu Apr 21 18:31:42 2016  子线程启动:
Thu Apr 21 18:35:02 2016  kill achieved:
子线程关闭
rerere
27220
http://forum.vanhi.com/forum-38-1.html
in save
Thu Apr 21 18:35:02 2016  子线程启动:
27227
http://enewstree.com/discuz/forum.php?mod=forumdisplay&fid=47
in save
in save
27243
http://bbs.creaders.net/life/
in save
27257
http://www.wailaike.net/group_post?gid=1
in save
27266
http://bbs.wolfax.com/f-42-1.html
in save

***********************************************************
Fri Apr 22 18:25:01 2016: engine server start
Fri Apr 22 18:25:01 2016  子线程启动:
1599
http://bbs.wolfax.com/f-42-1.html
in save
Fri Apr 22 18:28:22 2016  kill achieved:
子线程关闭
rerere
Fri Apr 22 18:28:22 2016  子线程启动:
Fri Apr 22 18:31:42 2016  kill achieved:
子线程关闭
rerere
Fri Apr 22 18:31:42 2016  子线程启动:
Fri Apr 22 18:35:02 2016  kill achieved:
子线程关闭
rerere
Fri Apr 22 18:35:02 2016  子线程启动:
Fri Apr 22 18:38:22 2016  kill achieved:
子线程关闭
rerere
1718
http://forum.vanhi.com/forum-38-1.html
in save
Fri Apr 22 18:38:22 2016  子线程启动:
1725
http://enewstree.com/discuz/forum.php?mod=forumdisplay&fid=47
in save
1739
http://bbs.creaders.net/life/
in save
in save
1753
http://www.wailaike.net/group_post?gid=1
in save

***********************************************************
Sat Apr 23 18:25:01 2016: engine server start
Sat Apr 23 18:25:01 2016  子线程启动:
8651
http://bbs.wolfax.com/f-42-1.html
in save
8657
http://forum.vanhi.com/forum-38-1.html
in save
8668
http://enewstree.com/discuz/forum.php?mod=forumdisplay&fid=47
in save
8680
http://www.wailaike.net/group_post?gid=1
in save

***********************************************************
Sun Apr 24 18:25:01 2016: engine server start
Sun Apr 24 18:25:01 2016  子线程启动:
15420
http://bbs.wolfax.com/f-42-1.html
in save
Sun Apr 24 18:28:21 2016  kill achieved:
子线程关闭
rerere
Sun Apr 24 18:28:21 2016  子线程启动:
15454
http://forum.vanhi.com/forum-38-1.html
in save
15464
http://enewstree.com/discuz/forum.php?mod=forumdisplay&fid=47
in save
in save
15477
http://bbs.creaders.net/life/
in save
15484
http://www.wailaike.net/group_post?gid=1
in save

***********************************************************
Mon Apr 25 18:25:01 2016: engine server start
Mon Apr 25 18:25:01 2016  子线程启动:
22181
http://bbs.wolfax.com/f-42-1.html
in save
Mon Apr 25 18:28:21 2016  kill achieved:
子线程关闭
rerere
22215
http://forum.vanhi.com/forum-38-1.html
in save
Mon Apr 25 18:28:21 2016  子线程启动:
22223
http://enewstree.com/discuz/forum.php?mod=forumdisplay&fid=47
in save
22238
http://bbs.creaders.net/life/
in save

***********************************************************
Tue Apr 26 18:25:01 2016: engine server start
Tue Apr 26 18:25:01 2016  子线程启动:
28938
http://bbs.wolfax.com/f-42-1.html
in save
Tue Apr 26 18:28:21 2016  kill achieved:
子线程关闭
rerere
Tue Apr 26 18:28:21 2016  子线程启动:
Tue Apr 26 18:31:41 2016  kill achieved:
子线程关闭
rerere
Tue Apr 26 18:31:41 2016  子线程启动:
Tue Apr 26 18:35:01 2016  kill achieved:
子线程关闭
rerere
Tue Apr 26 18:35:01 2016  子线程启动:
29029
http://forum.vanhi.com/forum-38-1.html
in save
29036
http://enewstree.com/discuz/forum.php?mod=forumdisplay&fid=47
in save
29051
http://www.wailaike.net/group_post?gid=1
in save

***********************************************************
Wed Apr 27 18:25:01 2016: engine server start
Wed Apr 27 18:25:01 2016  子线程启动:
3653
http://bbs.wolfax.com/f-42-1.html
in save
3659
http://forum.vanhi.com/forum-38-1.html
in save
3674
http://enewstree.com/discuz/forum.php?mod=forumdisplay&fid=47
in save
3687
http://bbs.creaders.net/life/
in save
3701
http://www.wailaike.net/group_post?gid=1
in save

***********************************************************
Thu Apr 28 18:25:01 2016: engine server start
Thu Apr 28 18:25:01 2016  子线程启动:
10439
http://bbs.wolfax.com/f-42-1.html
in save
Thu Apr 28 18:28:22 2016  kill achieved:
子线程关闭
rerere
Thu Apr 28 18:28:22 2016  子线程启动:
Thu Apr 28 18:31:42 2016  kill achieved:
子线程关闭
rerere
Thu Apr 28 18:31:42 2016  子线程启动:
Thu Apr 28 18:35:02 2016  kill achieved:
子线程关闭
rerere
Thu Apr 28 18:35:02 2016  子线程启动:
10531
http://forum.vanhi.com/forum-38-1.html
in save
10540
http://enewstree.com/discuz/forum.php?mod=forumdisplay&fid=47
in save
10555
http://bbs.creaders.net/life/
in save
10570
http://www.wailaike.net/group_post?gid=1
in save

***********************************************************
Fri Apr 29 18:25:01 2016: engine server start
Fri Apr 29 18:25:01 2016  子线程启动:
17257
http://bbs.wolfax.com/f-42-1.html
in save
Fri Apr 29 18:28:21 2016  kill achieved:
子线程关闭
rerere
Fri Apr 29 18:28:21 2016  子线程启动:
Fri Apr 29 18:31:42 2016  kill achieved:
子线程关闭
rerere
Fri Apr 29 18:31:42 2016  子线程启动:
Fri Apr 29 18:35:02 2016  kill achieved:
子线程关闭
rerere
Fri Apr 29 18:35:02 2016  子线程启动:
Fri Apr 29 18:38:22 2016  kill achieved:
子线程关闭
rerere
Fri Apr 29 18:38:22 2016  子线程启动:
Fri Apr 29 18:41:42 2016  kill achieved:
子线程关闭
rerere
Fri Apr 29 18:41:42 2016  子线程启动:
17394
http://forum.vanhi.com/forum-38-1.html
in save
17401
http://enewstree.com/discuz/forum.php?mod=forumdisplay&fid=47
in save
17415
http://bbs.creaders.net/life/
in save
17427
http://www.wailaike.net/group_post?gid=1
in save

***********************************************************
Sat Apr 30 18:25:01 2016: engine server start
Sat Apr 30 18:25:01 2016  子线程启动:
24068
http://bbs.wolfax.com/f-42-1.html
in save
Sat Apr 30 18:28:21 2016  kill achieved:
子线程关闭
rerere
Sat Apr 30 18:28:21 2016  子线程启动:
24102
http://forum.vanhi.com/forum-38-1.html
in save
24109
http://enewstree.com/discuz/forum.php?mod=forumdisplay&fid=47
in save
in save
in save
24123
http://www.wailaike.net/group_post?gid=1
in save

***********************************************************
Sun May  1 18:25:02 2016: engine server start
Sun May  1 18:25:02 2016  子线程启动:
30833
http://bbs.wolfax.com/f-42-1.html
in save
30839
http://forum.vanhi.com/forum-38-1.html
in save
30850
http://enewstree.com/discuz/forum.php?mod=forumdisplay&fid=47
in save
30862
http://bbs.creaders.net/life/
in save
30875
http://www.wailaike.net/group_post?gid=1
in save

***********************************************************
Mon May  2 18:25:01 2016: engine server start
Mon May  2 18:25:01 2016  子线程启动:
5502
http://bbs.wolfax.com/f-42-1.html
in save
Mon May  2 18:25:01 2016  子线程启动:
5508
http://forum.vanhi.com/forum-38-1.html
in save
5519
http://enewstree.com/discuz/forum.php?mod=forumdisplay&fid=47
in save
5533
http://www.wailaike.net/group_post?gid=1
in save

***********************************************************
Tue May  3 18:25:01 2016: engine server start

***********************************************************
Wed May  4 18:25:01 2016: engine server start
Wed May  4 18:25:01 2016  子线程启动:
18983
http://forum.vanhi.com/forum-38-1.html
in save
18991
http://enewstree.com/discuz/forum.php?mod=forumdisplay&fid=47
in save
19004
http://www.wailaike.net/group_post?gid=1
in save

***********************************************************
Thu May  5 18:25:01 2016: engine server start
Thu May  5 18:25:01 2016  子线程启动:
Thu May  5 18:28:21 2016  kill achieved:
子线程关闭
rerere
25729
http://forum.vanhi.com/forum-38-1.html
in save
Thu May  5 18:28:21 2016  子线程启动:
25736
http://enewstree.com/discuz/forum.php?mod=forumdisplay&fid=47
in save
25753
http://www.wailaike.net/group_post?gid=1
in save

***********************************************************
Fri May  6 18:25:01 2016: engine server start
Fri May  6 18:25:01 2016  子线程启动:
32465
http://forum.vanhi.com/forum-38-1.html
in save
32472
http://enewstree.com/discuz/forum.php?mod=forumdisplay&fid=47
in save
32486
http://www.wailaike.net/group_post?gid=1
in save

***********************************************************
Sat May  7 18:25:02 2016: engine server start
Sat May  7 18:25:02 2016  子线程启动:
7104
http://forum.vanhi.com/forum-38-1.html
in save
7112
http://enewstree.com/discuz/forum.php?mod=forumdisplay&fid=47
in save
7126
http://bbs.creaders.net/life/
in save
7142
http://www.wailaike.net/group_post?gid=1
in save

***********************************************************
Sun May  8 18:25:01 2016: engine server start
Sun May  8 18:25:01 2016  子线程启动:
13877
http://forum.vanhi.com/forum-38-1.html
in save
13884
http://enewstree.com/discuz/forum.php?mod=forumdisplay&fid=47
in save
13899
http://bbs.creaders.net/life/
in save
in save
13914
http://www.wailaike.net/group_post?gid=1
in save

***********************************************************
Mon May  9 18:25:01 2016: engine server start
Mon May  9 18:25:01 2016  子线程启动:
20625
http://forum.vanhi.com/forum-38-1.html
in save
20633
http://enewstree.com/discuz/forum.php?mod=forumdisplay&fid=47
in save
20647
http://www.wailaike.net/group_post?gid=1
in save

***********************************************************
Mon May 23 10:33:48 2016: engine server start
Mon May 23 10:33:48 2016  子线程启动:
子线程关闭
Mon May 23 18:20:15 2016  子线程启动:
子线程关闭

***********************************************************
Tue May 24 10:30:19 2016: engine server start
Tue May 24 10:30:20 2016  子线程启动:
子线程关闭
Tue May 24 18:20:15 2016  子线程启动:
子线程关闭

***********************************************************
Wed May 25 09:47:46 2016: engine server start
Wed May 25 09:47:48 2016  子线程启动:
子线程关闭

***********************************************************
Wed May 25 18:25:02 2016: engine server start
Wed May 25 18:25:02 2016  子线程启动:

***********************************************************
Thu May 26 18:25:01 2016: engine server start
Thu May 26 18:25:01 2016  子线程启动:

***********************************************************
Fri May 27 18:25:01 2016: engine server start
Fri May 27 18:25:01 2016  子线程启动:

***********************************************************
Sat May 28 18:25:01 2016: engine server start
Sat May 28 18:25:01 2016  子线程启动:

***********************************************************
Sun May 29 18:25:01 2016: engine server start
Sun May 29 18:25:01 2016  子线程启动:

***********************************************************
Tue May 31 18:25:02 2016: engine server start
Tue May 31 18:25:02 2016  子线程启动:

***********************************************************
Thu Jun  2 18:25:02 2016: engine server start
Thu Jun  2 18:25:02 2016  子线程启动:

***********************************************************
Fri Jun  3 18:25:02 2016: engine server start
Fri Jun  3 18:25:02 2016  子线程启动:

***********************************************************
Sat Jun  4 18:25:02 2016: engine server start
Sat Jun  4 18:25:02 2016  子线程启动:

***********************************************************
Fri Jul 15 18:25:02 2016: engine server start
Fri Jul 15 18:25:02 2016  子线程启动:
子线程关闭
Fri Jul 15 19:54:24 2016  子线程启动:
5279
http://forum.vanhi.com/forum-38-1.html

***********************************************************
Wed Apr 19 18:25:02 2017: engine server start

***********************************************************
Thu Apr 20 18:25:02 2017: engine server start

***********************************************************
Fri Apr 21 18:25:04 2017: engine server start

***********************************************************
Mon Jun  5 18:25:02 2017: engine server start

***********************************************************
Thu Jun  8 18:25:02 2017: engine server start

***********************************************************
Sat Jun 10 18:25:02 2017: engine server start

***********************************************************
Sun Jun 11 18:25:02 2017: engine server start

***********************************************************
Mon Jun 12 18:25:01 2017: engine server start

***********************************************************
Tue Jun 13 18:25:02 2017: engine server start

***********************************************************
Wed Jun 14 18:25:02 2017: engine server start

***********************************************************
Thu Jun 15 18:25:02 2017: engine server start

***********************************************************
Mon Jun 19 18:25:01 2017: engine server start

***********************************************************
Wed Jun 21 18:25:01 2017: engine server start

***********************************************************
Mon Jun 26 18:25:01 2017: engine server start

***********************************************************
Tue Jun 27 18:30:19 2017: engine server start

***********************************************************
Wed Jun 28 18:25:02 2017: engine server start

***********************************************************
Mon Nov 13 18:25:01 2017: engine server start

***********************************************************
Tue Nov 14 18:25:01 2017: engine server start

***********************************************************
Wed Nov 15 18:25:02 2017: engine server start

***********************************************************
Mon Dec  4 18:25:01 2017: engine server start

***********************************************************
Fri Mar  9 18:25:01 2018: engine server start
