2015-07-14 15:32:21,651 ERROR Error:(1146, "Table 'phishing_check.domain' doesn't exist")
2015-07-14 15:32:21,652 ERROR Error:(1146, "Table 'phishing_check.domain' doesn't exist")
2015-07-14 15:32:21,653 ERROR Error:(1146, "Table 'phishing_check.domain' doesn't exist")
2015-07-14 15:32:49,115 ERROR Error:(1146, "Table 'phishing_check.domain' doesn't exist")
2015-07-14 15:32:49,117 ERROR Error:(1146, "Table 'phishing_check.domain' doesn't exist")
2015-07-14 15:32:49,119 ERROR Error:(1146, "Table 'phishing_check.domain' doesn't exist")
2015-07-14 15:33:51,128 ERROR Error:(1054, "Unknown column 'auto_id' in 'field list'")
2015-07-14 15:33:51,130 ERROR Error:(1054, "Unknown column 'auto_id' in 'field list'")
2015-07-14 15:33:51,130 ERROR Error:(1054, "Unknown column 'auto_id' in 'field list'")
2015-07-14 15:34:58,767 ERROR Error:(1054, "Unknown column 'auto_id' in 'field list'")
2015-07-14 15:34:58,769 ERROR Error:(1054, "Unknown column 'auto_id' in 'field list'")
2015-07-14 15:34:58,770 ERROR Error:(1054, "Unknown column 'auto_id' in 'field list'")
2015-07-14 15:35:36,270 ERROR Error:(1054, "Unknown column 'auto_id' in 'field list'")
2015-07-14 15:35:36,271 ERROR Error:(1054, "Unknown column 'auto_id' in 'field list'")
2015-07-14 15:35:36,273 ERROR Error:(1054, "Unknown column 'auto_id' in 'field list'")
2015-07-14 15:36:06,173 ERROR Error:(1054, "Unknown column 'auto_id' in 'field list'")
2015-07-14 15:36:06,174 ERROR Error:(1054, "Unknown column 'auto_id' in 'field list'")
2015-07-14 15:36:06,175 ERROR Error:(1054, "Unknown column 'auto_id' in 'field list'")
2015-07-14 15:37:44,032 ERROR Error:(1054, "Unknown column 'auto_id' in 'field list'")
2015-07-14 15:37:44,033 ERROR Error:(1054, "Unknown column 'auto_id' in 'field list'")
2015-07-14 15:37:44,034 ERROR Error:(1054, "Unknown column 'auto_id' in 'field list'")
2015-07-14 15:38:23,337 ERROR Error:(1054, "Unknown column 'auto_id' in 'field list'")
2015-07-14 15:38:23,338 ERROR Error:(1054, "Unknown column 'auto_id' in 'field list'")
2015-07-14 15:38:23,339 ERROR Error:(1054, "Unknown column 'auto_id' in 'field list'")
2015-07-14 15:41:27,870 ERROR http://baidu.com:Error: [Errno 104] Connection reset by peer
2015-07-14 15:43:25,618 INFO  Url:http://taobao.com in database.
2015-07-14 15:43:25,619 INFO  Url:http://sina.com in database.
2015-07-14 19:49:49,083 CRITI blog.sina.com.cn For detail in 
2015-07-14 19:52:53,132 CRITI headline.taobao.com For detail in 
2015-07-14 19:53:15,156 CRITI bbs.taobao.com For detail in 
2015-07-14 19:53:37,101 CRITI dict.youdao.com For detail in 
2015-07-14 20:16:37,725 INFO  Url:http://dict.youdao.com/?keyfrom=fanyi.top in database.
2015-07-14 20:16:42,503 INFO  Url:http://dict.youdao.com/?keyfrom=fanyi.top in database.
2015-07-14 20:17:06,151 INFO  Url:http://youdao.com in database.
2015-07-14 20:43:37,069 CRITI 113.171.249.22 For detail in 
2015-07-14 20:44:39,012 INFO  Url:http://113.171.249.22 in database.
2015-07-14 20:44:42,287 INFO  Url:http://113.171.249.22 in database.
2015-07-14 20:44:46,165 INFO  Url:http://113.171.249.22 in database.
2015-07-14 20:46:05,676 CRITI 113.171.249.22 For detail in 
2015-07-14 20:47:55,666 CRITI news.sina.com For detail in whois.tucows.com
2015-07-14 20:50:18,868 CRITI paypal.com.uk.help.web.wordsofnewhope.com For detail in 
2015-07-14 22:02:51,942 INFO  Url:http://66.7.196.108/~autogui1/anapoliseletrodiesel/dddd/bankofamerica.com.section=portal=&dltoken=aca19743242354533242703&/ in database.
2015-07-19 10:42:47,912 ERROR x91vpn:Error: No root WHOIS server found for domain.
2015-07-19 10:42:53,546 ERROR x91vpn:Error: No root WHOIS server found for domain.
2015-07-19 10:43:16,939 ERROR x91vpn:Error: No root WHOIS server found for domain.
