[ 2015-08-10T10:58:02+08:00 ] 127.0.0.1 /INDEX_B/
INFO: [ app_begin ] --START--
INFO: ReadHtmlCache Behavior ::run [ RunTime:0.000384s ]
INFO: [ app_begin ] --END-- [ RunTime:0.000474s ]
NOTIC: [2] session_start() [<a href='function.session-start'>function.session-start</a>]: Cannot send session cookie - headers already sent by (output started at /home/zxy/phishing_check/INDEX_B/Common/common.php:1) /home/zxy/phishing_check/INDEX_B/ThinkPHP/Common/functions.php 第 566 行.
NOTIC: [2] session_start() [<a href='function.session-start'>function.session-start</a>]: Cannot send session cache limiter - headers already sent (output started at /home/zxy/phishing_check/INDEX_B/Common/common.php:1) /home/zxy/phishing_check/INDEX_B/ThinkPHP/Common/functions.php 第 566 行.
INFO: [ view_parse ] --START--
INFO: ParseTemplate Behavior ::run [ RunTime:0.004542s ]
INFO: [ view_parse ] --END-- [ RunTime:0.004607s ]
INFO: [ view_filter ] --START--
INFO: ContentReplace Behavior ::run [ RunTime:0.000164s ]
INFO: TokenBuild Behavior ::run [ RunTime:0.000176s ]
INFO: WriteHtmlCache Behavior ::run [ RunTime:0.000102s ]
INFO: ShowRuntime Behavior ::run [ RunTime:0.000261s ]
INFO: [ view_filter ] --END-- [ RunTime:0.000819s ]
NOTIC: [2] Cannot modify header information - headers already sent by (output started at /home/zxy/phishing_check/INDEX_B/Common/common.php:1) /home/zxy/phishing_check/INDEX_B/ThinkPHP/Lib/Core/View.class.php 第 95 行.
NOTIC: [2] Cannot modify header information - headers already sent by (output started at /home/zxy/phishing_check/INDEX_B/Common/common.php:1) /home/zxy/phishing_check/INDEX_B/ThinkPHP/Lib/Core/View.class.php 第 96 行.
NOTIC: [2] Cannot modify header information - headers already sent by (output started at /home/zxy/phishing_check/INDEX_B/Common/common.php:1) /home/zxy/phishing_check/INDEX_B/ThinkPHP/Lib/Core/View.class.php 第 97 行.
INFO: [ view_end ] --START--
INFO: ShowPageTrace Behavior ::run [ RunTime:0.000327s ]
INFO: [ view_end ] --END-- [ RunTime:0.000368s ]

[ 2015-08-10T10:58:03+08:00 ] 127.0.0.1 /INDEX_B/
INFO: [ app_begin ] --START--
INFO: ReadHtmlCache Behavior ::run [ RunTime:0.000267s ]
INFO: [ app_begin ] --END-- [ RunTime:0.000331s ]
NOTIC: [2] session_start() [<a href='function.session-start'>function.session-start</a>]: Cannot send session cookie - headers already sent by (output started at /home/zxy/phishing_check/INDEX_B/Common/common.php:1) /home/zxy/phishing_check/INDEX_B/ThinkPHP/Common/functions.php 第 566 行.
NOTIC: [2] session_start() [<a href='function.session-start'>function.session-start</a>]: Cannot send session cache limiter - headers already sent (output started at /home/zxy/phishing_check/INDEX_B/Common/common.php:1) /home/zxy/phishing_check/INDEX_B/ThinkPHP/Common/functions.php 第 566 行.
INFO: [ view_parse ] --START--
INFO: ParseTemplate Behavior ::run [ RunTime:0.005300s ]
INFO: [ view_parse ] --END-- [ RunTime:0.005370s ]
INFO: [ view_filter ] --START--
INFO: ContentReplace Behavior ::run [ RunTime:0.000182s ]
INFO: TokenBuild Behavior ::run [ RunTime:0.000180s ]
INFO: WriteHtmlCache Behavior ::run [ RunTime:0.000097s ]
INFO: ShowRuntime Behavior ::run [ RunTime:0.000272s ]
INFO: [ view_filter ] --END-- [ RunTime:0.000855s ]
NOTIC: [2] Cannot modify header information - headers already sent by (output started at /home/zxy/phishing_check/INDEX_B/Common/common.php:1) /home/zxy/phishing_check/INDEX_B/ThinkPHP/Lib/Core/View.class.php 第 95 行.
NOTIC: [2] Cannot modify header information - headers already sent by (output started at /home/zxy/phishing_check/INDEX_B/Common/common.php:1) /home/zxy/phishing_check/INDEX_B/ThinkPHP/Lib/Core/View.class.php 第 96 行.
NOTIC: [2] Cannot modify header information - headers already sent by (output started at /home/zxy/phishing_check/INDEX_B/Common/common.php:1) /home/zxy/phishing_check/INDEX_B/ThinkPHP/Lib/Core/View.class.php 第 97 行.
INFO: [ view_end ] --START--
INFO: ShowPageTrace Behavior ::run [ RunTime:0.000321s ]
INFO: [ view_end ] --END-- [ RunTime:0.000367s ]

