Sat Aug  1 20:13:42 2015  request from : ('192.168.174.128', 49568): engine message_type : 0 task_id : 81 
Sat Aug  1 20:13:42 2015  |*|view receive task_id|*|: 81
Sat Aug  1 20:13:42 2015  connect mysql win, ip: 192.168.65.148
Sat Aug  1 20:13:42 2015  connect mongo win, ip: 192.168.65.148
http://cpuzt.cc/
http://rm.zjstv.com/
http://voice.zjstv.com/
http://www.icbc.com.cn/
http://www.taobao.com/
http://www.vip.com
http://www.138.gg/
http://rm.zjstv.com/
http://voice.zjstv.com/
http://www.icbc.com.cn/
http://www.taobao.com/
http://www.vip.com
http://www.bjstkc.com/
Sat Aug  1 20:15:00 2015  message ip: 192.168.174.128, port: 23450, engine_type: 00, message_type: 7, for task: 81
Sat Aug  1 20:15:00 2015 |*|engine win over|*|, task_id: 81

***********************************************************
Sat Aug  1 20:27:37 2015: engine server start
Sat Aug  1 20:27:37 2015: server register
Sat Aug  1 20:27:37 2015: monitor port 23470
————————————————————————————————————————————————————
Sat Aug  1 20:28:07 2015  connect mysql win, ip: 192.168.65.148
Sat Aug  1 20:28:25 2015  request from : ('192.168.174.128', 49579): engine message_type : 0 task_id : 81 
Sat Aug  1 20:28:25 2015  |*|view receive task_id|*|: 81
Sat Aug  1 20:28:25 2015  connect mysql win, ip: 192.168.65.148
Sat Aug  1 20:28:25 2015  connect mongo win, ip: 192.168.65.148
f1 [1, u'/home/zxy/phishing_check/web_info/gray_web/cpuzt.cc/57e954bc/2e267148/328ac064/598c9b22/2015-08-01 18:00/8tmp.jpeg', u'fffffffffefffefffcfffcff9cff9cf39ce39cf39cf31cfb1cfb1cff1c7f1c7f', u'11011000', [[[67, 14, 68, 6], [100, 16], 226.07963198837706, 80.9097230791777, 0.3722313919701624, 2.392687388141643, 0.988071438783843, 0.754648599263251, [0.004442011882512497, 1.923476154785073e-05, 1.3707495207062007e-10, 1.244868749968583e-10, 1.6257803853744103e-20, 5.324847055162269e-13, -3.5329585698933794e-22]], [[166, 1, 72, 19], [201, 10], 125.0, 87.1518120886121, 0.20580767752958123, 4.875591665048323, 0.8820358750165354, 0.9172270001622492, [0.0017805151386135394, 2.2705739440365887e-06, 5.955525516725742e-13, 8.299337495209436e-13, 4.613463408059027e-25, 8.930105654641095e-16, -3.572215338158811e-25]], [[2, 1, 57, 19], [30, 10], 296.0, 71.56505117707799, 0.48735258039004836, 5.114768813297345, 0.8186430523167209, 0.9198099533309324, [0.0019586557639671735, 2.34363162060989e-06, 7.331642954746864e-12, 1.8265176305102374e-12, -6.071643855920418e-24, -2.7793672551792136e-15, -2.794816633067864e-24]]]]
f2 [1, u'/home/zxy/phishing_check/web_info/counterfeit_web/ccktmp.cc/aba7ed93/4a92b6e0/7c468a48/b79f8d07/2015-08-01 17:29/8tmp.jpeg', u'fffffffffefffefffcfffcff9cff9cf39ce39cf39cf31cfb1cfb1cff1c7f1c7f', u'11011000', [[[67, 14, 68, 6], [100, 16], 226.07963198837706, 80.9097230791777, 0.3722313919701624, 2.392687388141643, 0.988071438783843, 0.754648599263251, [0.004442011882512497, 1.923476154785073e-05, 1.3707495207062007e-10, 1.244868749968583e-10, 1.6257803853744103e-20, 5.324847055162269e-13, -3.5329585698933794e-22]], [[166, 1, 72, 19], [201, 10], 125.0, 87.1518120886121, 0.20580767752958123, 4.875591665048323, 0.8820358750165354, 0.9172270001622492, [0.0017805151386135394, 2.2705739440365887e-06, 5.955525516725742e-13, 8.299337495209436e-13, 4.613463408059027e-25, 8.930105654641095e-16, -3.572215338158811e-25]], [[2, 1, 57, 19], [30, 10], 296.0, 71.56505117707799, 0.48735258039004836, 5.114768813297345, 0.8186430523167209, 0.9198099533309324, [0.0019586557639671735, 2.34363162060989e-06, 7.331642954746864e-12, 1.8265176305102374e-12, -6.071643855920418e-24, -2.7793672551792136e-15, -2.794816633067864e-24]]]]
f1 [1, u'/home/zxy/phishing_check/web_info/gray_web/cpuzt.cc/57e954bc/2e267148/328ac064/598c9b22/2015-08-01 18:00/8tmp.jpeg', u'fffffffffefffefffcfffcff9cff9cf39ce39cf39cf31cfb1cfb1cff1c7f1c7f', u'11011000', [[[67, 14, 68, 6], [100, 16], 226.07963198837706, 80.9097230791777, 0.3722313919701624, 2.392687388141643, 0.988071438783843, 0.754648599263251, [0.004442011882512497, 1.923476154785073e-05, 1.3707495207062007e-10, 1.244868749968583e-10, 1.6257803853744103e-20, 5.324847055162269e-13, -3.5329585698933794e-22]], [[166, 1, 72, 19], [201, 10], 125.0, 87.1518120886121, 0.20580767752958123, 4.875591665048323, 0.8820358750165354, 0.9172270001622492, [0.0017805151386135394, 2.2705739440365887e-06, 5.955525516725742e-13, 8.299337495209436e-13, 4.613463408059027e-25, 8.930105654641095e-16, -3.572215338158811e-25]], [[2, 1, 57, 19], [30, 10], 296.0, 71.56505117707799, 0.48735258039004836, 5.114768813297345, 0.8186430523167209, 0.9198099533309324, [0.0019586557639671735, 2.34363162060989e-06, 7.331642954746864e-12, 1.8265176305102374e-12, -6.071643855920418e-24, -2.7793672551792136e-15, -2.794816633067864e-24]]]]
f2 [2, u'/home/zxy/phishing_check/web_info/counterfeit_web/ccktmp.cc/aba7ed93/4a92b6e0/7c468a48/b79f8d07/2015-08-01 17:29/9tmp.jpeg', u'0bea8aaa8aa8aa28a6a8bea8ab28ab288f08870883c9a6ca66c2228a328e2a84', u'11011000', []]
f1 [1, u'/home/zxy/phishing_check/web_info/gray_web/cpuzt.cc/57e954bc/2e267148/328ac064/598c9b22/2015-08-01 18:00/8tmp.jpeg', u'fffffffffefffefffcfffcff9cff9cf39ce39cf39cf31cfb1cfb1cff1c7f1c7f', u'11011000', [[[67, 14, 68, 6], [100, 16], 226.07963198837706, 80.9097230791777, 0.3722313919701624, 2.392687388141643, 0.988071438783843, 0.754648599263251, [0.004442011882512497, 1.923476154785073e-05, 1.3707495207062007e-10, 1.244868749968583e-10, 1.6257803853744103e-20, 5.324847055162269e-13, -3.5329585698933794e-22]], [[166, 1, 72, 19], [201, 10], 125.0, 87.1518120886121, 0.20580767752958123, 4.875591665048323, 0.8820358750165354, 0.9172270001622492, [0.0017805151386135394, 2.2705739440365887e-06, 5.955525516725742e-13, 8.299337495209436e-13, 4.613463408059027e-25, 8.930105654641095e-16, -3.572215338158811e-25]], [[2, 1, 57, 19], [30, 10], 296.0, 71.56505117707799, 0.48735258039004836, 5.114768813297345, 0.8186430523167209, 0.9198099533309324, [0.0019586557639671735, 2.34363162060989e-06, 7.331642954746864e-12, 1.8265176305102374e-12, -6.071643855920418e-24, -2.7793672551792136e-15, -2.794816633067864e-24]]]]
f2 [2, u'/home/zxy/phishing_check/web_info/counterfeit_web/ccktmp.cc/aba7ed93/4a92b6e0/7c468a48/b79f8d07/2015-08-01 17:29/10tmp.jpeg', u'aaaaaa8aaa9aaab0a8ba88fa98e288e288ea886ac92aa922a9eea9aea92ea96b', u'11011000', []]
f1 [1, u'/home/zxy/phishing_check/web_info/gray_web/cpuzt.cc/57e954bc/2e267148/328ac064/598c9b22/2015-08-01 18:00/8tmp.jpeg', u'fffffffffefffefffcfffcff9cff9cf39ce39cf39cf31cfb1cfb1cff1c7f1c7f', u'11011000', [[[67, 14, 68, 6], [100, 16], 226.07963198837706, 80.9097230791777, 0.3722313919701624, 2.392687388141643, 0.988071438783843, 0.754648599263251, [0.004442011882512497, 1.923476154785073e-05, 1.3707495207062007e-10, 1.244868749968583e-10, 1.6257803853744103e-20, 5.324847055162269e-13, -3.5329585698933794e-22]], [[166, 1, 72, 19], [201, 10], 125.0, 87.1518120886121, 0.20580767752958123, 4.875591665048323, 0.8820358750165354, 0.9172270001622492, [0.0017805151386135394, 2.2705739440365887e-06, 5.955525516725742e-13, 8.299337495209436e-13, 4.613463408059027e-25, 8.930105654641095e-16, -3.572215338158811e-25]], [[2, 1, 57, 19], [30, 10], 296.0, 71.56505117707799, 0.48735258039004836, 5.114768813297345, 0.8186430523167209, 0.9198099533309324, [0.0019586557639671735, 2.34363162060989e-06, 7.331642954746864e-12, 1.8265176305102374e-12, -6.071643855920418e-24, -2.7793672551792136e-15, -2.794816633067864e-24]]]]
f2 [2, u'/home/zxy/phishing_check/web_info/counterfeit_web/ccktmp.cc/aba7ed93/4a92b6e0/7c468a48/b79f8d07/2015-08-01 17:29/11tmp.jpeg', u'aaaaaaaaaaaaaaaaaaaab8aa98aa98aa98aab8aaa8aaa8aaa8aaa8aaa8aaa8ae', u'11010100', []]
f1 [1, u'/home/zxy/phishing_check/web_info/gray_web/cpuzt.cc/57e954bc/2e267148/328ac064/598c9b22/2015-08-01 18:00/8tmp.jpeg', u'fffffffffefffefffcfffcff9cff9cf39ce39cf39cf31cfb1cfb1cff1c7f1c7f', u'11011000', [[[67, 14, 68, 6], [100, 16], 226.07963198837706, 80.9097230791777, 0.3722313919701624, 2.392687388141643, 0.988071438783843, 0.754648599263251, [0.004442011882512497, 1.923476154785073e-05, 1.3707495207062007e-10, 1.244868749968583e-10, 1.6257803853744103e-20, 5.324847055162269e-13, -3.5329585698933794e-22]], [[166, 1, 72, 19], [201, 10], 125.0, 87.1518120886121, 0.20580767752958123, 4.875591665048323, 0.8820358750165354, 0.9172270001622492, [0.0017805151386135394, 2.2705739440365887e-06, 5.955525516725742e-13, 8.299337495209436e-13, 4.613463408059027e-25, 8.930105654641095e-16, -3.572215338158811e-25]], [[2, 1, 57, 19], [30, 10], 296.0, 71.56505117707799, 0.48735258039004836, 5.114768813297345, 0.8186430523167209, 0.9198099533309324, [0.0019586557639671735, 2.34363162060989e-06, 7.331642954746864e-12, 1.8265176305102374e-12, -6.071643855920418e-24, -2.7793672551792136e-15, -2.794816633067864e-24]]]]
f2 [2, u'/home/zxy/phishing_check/web_info/counterfeit_web/ccktmp.cc/aba7ed93/4a92b6e0/7c468a48/b79f8d07/2015-08-01 17:29/12tmp.jpeg', u'aaaaaaaaa8aa98aa88aa88aaa8aaa8aab8aeb8aeb8aeb8aeb8aeb8aeb8ee98ab', u'11010100', []]
f1 [1, u'/home/zxy/phishing_check/web_info/gray_web/cpuzt.cc/57e954bc/2e267148/328ac064/598c9b22/2015-08-01 18:00/8tmp.jpeg', u'fffffffffefffefffcfffcff9cff9cf39ce39cf39cf31cfb1cfb1cff1c7f1c7f', u'11011000', [[[67, 14, 68, 6], [100, 16], 226.07963198837706, 80.9097230791777, 0.3722313919701624, 2.392687388141643, 0.988071438783843, 0.754648599263251, [0.004442011882512497, 1.923476154785073e-05, 1.3707495207062007e-10, 1.244868749968583e-10, 1.6257803853744103e-20, 5.324847055162269e-13, -3.5329585698933794e-22]], [[166, 1, 72, 19], [201, 10], 125.0, 87.1518120886121, 0.20580767752958123, 4.875591665048323, 0.8820358750165354, 0.9172270001622492, [0.0017805151386135394, 2.2705739440365887e-06, 5.955525516725742e-13, 8.299337495209436e-13, 4.613463408059027e-25, 8.930105654641095e-16, -3.572215338158811e-25]], [[2, 1, 57, 19], [30, 10], 296.0, 71.56505117707799, 0.48735258039004836, 5.114768813297345, 0.8186430523167209, 0.9198099533309324, [0.0019586557639671735, 2.34363162060989e-06, 7.331642954746864e-12, 1.8265176305102374e-12, -6.071643855920418e-24, -2.7793672551792136e-15, -2.794816633067864e-24]]]]
f2 [2, u'/home/zxy/phishing_check/web_info/counterfeit_web/ccktmp.cc/aba7ed93/4a92b6e0/7c468a48/b79f8d07/2015-08-01 17:29/13tmp.jpeg', u'aaaab8eeaaaaa8aaa8aaa8aaa8aaa8aaa8aaa8aaa8aaa9aaa9aaa9aaa82aa8aa', u'11010100', []]
f1 [1, u'/home/zxy/phishing_check/web_info/gray_web/cpuzt.cc/57e954bc/2e267148/328ac064/598c9b22/2015-08-01 18:00/8tmp.jpeg', u'fffffffffefffefffcfffcff9cff9cf39ce39cf39cf31cfb1cfb1cff1c7f1c7f', u'11011000', [[[67, 14, 68, 6], [100, 16], 226.07963198837706, 80.9097230791777, 0.3722313919701624, 2.392687388141643, 0.988071438783843, 0.754648599263251, [0.004442011882512497, 1.923476154785073e-05, 1.3707495207062007e-10, 1.244868749968583e-10, 1.6257803853744103e-20, 5.324847055162269e-13, -3.5329585698933794e-22]], [[166, 1, 72, 19], [201, 10], 125.0, 87.1518120886121, 0.20580767752958123, 4.875591665048323, 0.8820358750165354, 0.9172270001622492, [0.0017805151386135394, 2.2705739440365887e-06, 5.955525516725742e-13, 8.299337495209436e-13, 4.613463408059027e-25, 8.930105654641095e-16, -3.572215338158811e-25]], [[2, 1, 57, 19], [30, 10], 296.0, 71.56505117707799, 0.48735258039004836, 5.114768813297345, 0.8186430523167209, 0.9198099533309324, [0.0019586557639671735, 2.34363162060989e-06, 7.331642954746864e-12, 1.8265176305102374e-12, -6.071643855920418e-24, -2.7793672551792136e-15, -2.794816633067864e-24]]]]
f2 [1, u'/home/zxy/phishing_check/web_info/counterfeit_web/ccktmp.cc/aba7ed93/4a92b6e0/7c468a48/b79f8d07/2015-08-01 17:29/15tmp.jpeg', u'0000000000000000000000000000000000000000000000000000000000000000', u'11000011', []]
f1 [1, u'/home/zxy/phishing_check/web_info/gray_web/cpuzt.cc/57e954bc/2e267148/328ac064/598c9b22/2015-08-01 18:00/8tmp.jpeg', u'fffffffffefffefffcfffcff9cff9cf39ce39cf39cf31cfb1cfb1cff1c7f1c7f', u'11011000', [[[67, 14, 68, 6], [100, 16], 226.07963198837706, 80.9097230791777, 0.3722313919701624, 2.392687388141643, 0.988071438783843, 0.754648599263251, [0.004442011882512497, 1.923476154785073e-05, 1.3707495207062007e-10, 1.244868749968583e-10, 1.6257803853744103e-20, 5.324847055162269e-13, -3.5329585698933794e-22]], [[166, 1, 72, 19], [201, 10], 125.0, 87.1518120886121, 0.20580767752958123, 4.875591665048323, 0.8820358750165354, 0.9172270001622492, [0.0017805151386135394, 2.2705739440365887e-06, 5.955525516725742e-13, 8.299337495209436e-13, 4.613463408059027e-25, 8.930105654641095e-16, -3.572215338158811e-25]], [[2, 1, 57, 19], [30, 10], 296.0, 71.56505117707799, 0.48735258039004836, 5.114768813297345, 0.8186430523167209, 0.9198099533309324, [0.0019586557639671735, 2.34363162060989e-06, 7.331642954746864e-12, 1.8265176305102374e-12, -6.071643855920418e-24, -2.7793672551792136e-15, -2.794816633067864e-24]]]]
f2 [2, u'/home/zxy/phishing_check/web_info/counterfeit_web/ccktmp.cc/aba7ed93/4a92b6e0/7c468a48/b79f8d07/2015-08-01 17:29/16tmp.jpeg', u'1c7c4496c4dec926ca26c87fc8cfb55eb55ab5fab57ab5f6d5afd5aaef433cfe', u'11011000', []]
f1 [2, u'/home/zxy/phishing_check/web_info/gray_web/cpuzt.cc/57e954bc/2e267148/328ac064/598c9b22/2015-08-01 18:00/9tmp.jpeg', u'0bea8aaa8aa8aa28a6a8bea8ab28ab288f08870883c9a6ca66c2228a328e2a84', u'11011000', []]
f2 [2, u'/home/zxy/phishing_check/web_info/counterfeit_web/ccktmp.cc/aba7ed93/4a92b6e0/7c468a48/b79f8d07/2015-08-01 17:29/0tmp.jpeg', u'df7dff7ddf75ff75d67d965d365d38ed18e9186938693869ba69b269ba69ba69', u'00111000', []]
f1 [2, u'/home/zxy/phishing_check/web_info/gray_web/cpuzt.cc/57e954bc/2e267148/328ac064/598c9b22/2015-08-01 18:00/9tmp.jpeg', u'0bea8aaa8aa8aa28a6a8bea8ab28ab288f08870883c9a6ca66c2228a328e2a84', u'11011000', []]
f2 [2, u'/home/zxy/phishing_check/web_info/counterfeit_web/ccktmp.cc/aba7ed93/4a92b6e0/7c468a48/b79f8d07/2015-08-01 17:29/1tmp.jpeg', u'5aeb58fb597119711971197119711979197b197b093301e7a1e761a7f3a72137', u'01101100', []]
f1 [2, u'/home/zxy/phishing_check/web_info/gray_web/cpuzt.cc/57e954bc/2e267148/328ac064/598c9b22/2015-08-01 18:00/9tmp.jpeg', u'0bea8aaa8aa8aa28a6a8bea8ab28ab288f08870883c9a6ca66c2228a328e2a84', u'11011000', []]
f2 [2, u'/home/zxy/phishing_check/web_info/counterfeit_web/ccktmp.cc/aba7ed93/4a92b6e0/7c468a48/b79f8d07/2015-08-01 17:29/2tmp.jpeg', u'5555555555555555555555555555555555555555555555555555555555555555', u'10011000', []]
f1 [2, u'/home/zxy/phishing_check/web_info/gray_web/cpuzt.cc/57e954bc/2e267148/328ac064/598c9b22/2015-08-01 18:00/9tmp.jpeg', u'0bea8aaa8aa8aa28a6a8bea8ab28ab288f08870883c9a6ca66c2228a328e2a84', u'11011000', []]
f2 [2, u'/home/zxy/phishing_check/web_info/counterfeit_web/ccktmp.cc/aba7ed93/4a92b6e0/7c468a48/b79f8d07/2015-08-01 17:29/4tmp.jpeg', u'ca74ea74af2baa9ebe2b5adb5a6b92c492d4aa3baa2bef5eaa4a26caaa3aaa1a', u'01001101', []]
f1 [2, u'/home/zxy/phishing_check/web_info/gray_web/cpuzt.cc/57e954bc/2e267148/328ac064/598c9b22/2015-08-01 18:00/9tmp.jpeg', u'0bea8aaa8aa8aa28a6a8bea8ab28ab288f08870883c9a6ca66c2228a328e2a84', u'11011000', []]
f2 [2, u'/home/zxy/phishing_check/web_info/counterfeit_web/ccktmp.cc/aba7ed93/4a92b6e0/7c468a48/b79f8d07/2015-08-01 17:29/5tmp.jpeg', u'5f5557555555575553575f55555555555f555555555557555f55555557555f53', u'10001101', []]
f1 [2, u'/home/zxy/phishing_check/web_info/gray_web/cpuzt.cc/57e954bc/2e267148/328ac064/598c9b22/2015-08-01 18:00/9tmp.jpeg', u'0bea8aaa8aa8aa28a6a8bea8ab28ab288f08870883c9a6ca66c2228a328e2a84', u'11011000', []]
f2 [2, u'/home/zxy/phishing_check/web_info/counterfeit_web/ccktmp.cc/aba7ed93/4a92b6e0/7c468a48/b79f8d07/2015-08-01 17:29/7tmp.jpeg', u'0f001f001f001f001f001f001f003f003f007f007f00ff00ff01ff01ff00ff01', u'11011000', []]
f1 [2, u'/home/zxy/phishing_check/web_info/gray_web/cpuzt.cc/57e954bc/2e267148/328ac064/598c9b22/2015-08-01 18:00/9tmp.jpeg', u'0bea8aaa8aa8aa28a6a8bea8ab28ab288f08870883c9a6ca66c2228a328e2a84', u'11011000', []]
f2 [1, u'/home/zxy/phishing_check/web_info/counterfeit_web/ccktmp.cc/aba7ed93/4a92b6e0/7c468a48/b79f8d07/2015-08-01 17:29/8tmp.jpeg', u'fffffffffefffefffcfffcff9cff9cf39ce39cf39cf31cfb1cfb1cff1c7f1c7f', u'11011000', [[[67, 14, 68, 6], [100, 16], 226.07963198837706, 80.9097230791777, 0.3722313919701624, 2.392687388141643, 0.988071438783843, 0.754648599263251, [0.004442011882512497, 1.923476154785073e-05, 1.3707495207062007e-10, 1.244868749968583e-10, 1.6257803853744103e-20, 5.324847055162269e-13, -3.5329585698933794e-22]], [[166, 1, 72, 19], [201, 10], 125.0, 87.1518120886121, 0.20580767752958123, 4.875591665048323, 0.8820358750165354, 0.9172270001622492, [0.0017805151386135394, 2.2705739440365887e-06, 5.955525516725742e-13, 8.299337495209436e-13, 4.613463408059027e-25, 8.930105654641095e-16, -3.572215338158811e-25]], [[2, 1, 57, 19], [30, 10], 296.0, 71.56505117707799, 0.48735258039004836, 5.114768813297345, 0.8186430523167209, 0.9198099533309324, [0.0019586557639671735, 2.34363162060989e-06, 7.331642954746864e-12, 1.8265176305102374e-12, -6.071643855920418e-24, -2.7793672551792136e-15, -2.794816633067864e-24]]]]
f1 [2, u'/home/zxy/phishing_check/web_info/gray_web/cpuzt.cc/57e954bc/2e267148/328ac064/598c9b22/2015-08-01 18:00/9tmp.jpeg', u'0bea8aaa8aa8aa28a6a8bea8ab28ab288f08870883c9a6ca66c2228a328e2a84', u'11011000', []]
f2 [2, u'/home/zxy/phishing_check/web_info/counterfeit_web/ccktmp.cc/aba7ed93/4a92b6e0/7c468a48/b79f8d07/2015-08-01 17:29/9tmp.jpeg', u'0bea8aaa8aa8aa28a6a8bea8ab28ab288f08870883c9a6ca66c2228a328e2a84', u'11011000', []]
f1 [2, u'/home/zxy/phishing_check/web_info/gray_web/cpuzt.cc/57e954bc/2e267148/328ac064/598c9b22/2015-08-01 18:00/9tmp.jpeg', u'0bea8aaa8aa8aa28a6a8bea8ab28ab288f08870883c9a6ca66c2228a328e2a84', u'11011000', []]
f2 [2, u'/home/zxy/phishing_check/web_info/counterfeit_web/ccktmp.cc/aba7ed93/4a92b6e0/7c468a48/b79f8d07/2015-08-01 17:29/10tmp.jpeg', u'aaaaaa8aaa9aaab0a8ba88fa98e288e288ea886ac92aa922a9eea9aea92ea96b', u'11011000', []]
f1 [2, u'/home/zxy/phishing_check/web_info/gray_web/cpuzt.cc/57e954bc/2e267148/328ac064/598c9b22/2015-08-01 18:00/9tmp.jpeg', u'0bea8aaa8aa8aa28a6a8bea8ab28ab288f08870883c9a6ca66c2228a328e2a84', u'11011000', []]
f2 [2, u'/home/zxy/phishing_check/web_info/counterfeit_web/ccktmp.cc/aba7ed93/4a92b6e0/7c468a48/b79f8d07/2015-08-01 17:29/11tmp.jpeg', u'aaaaaaaaaaaaaaaaaaaab8aa98aa98aa98aab8aaa8aaa8aaa8aaa8aaa8aaa8ae', u'11010100', []]
f1 [2, u'/home/zxy/phishing_check/web_info/gray_web/cpuzt.cc/57e954bc/2e267148/328ac064/598c9b22/2015-08-01 18:00/9tmp.jpeg', u'0bea8aaa8aa8aa28a6a8bea8ab28ab288f08870883c9a6ca66c2228a328e2a84', u'11011000', []]
f2 [2, u'/home/zxy/phishing_check/web_info/counterfeit_web/ccktmp.cc/aba7ed93/4a92b6e0/7c468a48/b79f8d07/2015-08-01 17:29/12tmp.jpeg', u'aaaaaaaaa8aa98aa88aa88aaa8aaa8aab8aeb8aeb8aeb8aeb8aeb8aeb8ee98ab', u'11010100', []]
f1 [2, u'/home/zxy/phishing_check/web_info/gray_web/cpuzt.cc/57e954bc/2e267148/328ac064/598c9b22/2015-08-01 18:00/9tmp.jpeg', u'0bea8aaa8aa8aa28a6a8bea8ab28ab288f08870883c9a6ca66c2228a328e2a84', u'11011000', []]
f2 [2, u'/home/zxy/phishing_check/web_info/counterfeit_web/ccktmp.cc/aba7ed93/4a92b6e0/7c468a48/b79f8d07/2015-08-01 17:29/13tmp.jpeg', u'aaaab8eeaaaaa8aaa8aaa8aaa8aaa8aaa8aaa8aaa8aaa9aaa9aaa9aaa82aa8aa', u'11010100', []]
f1 [2, u'/home/zxy/phishing_check/web_info/gray_web/cpuzt.cc/57e954bc/2e267148/328ac064/598c9b22/2015-08-01 18:00/9tmp.jpeg', u'0bea8aaa8aa8aa28a6a8bea8ab28ab288f08870883c9a6ca66c2228a328e2a84', u'11011000', []]
f2 [1, u'/home/zxy/phishing_check/web_info/counterfeit_web/ccktmp.cc/aba7ed93/4a92b6e0/7c468a48/b79f8d07/2015-08-01 17:29/15tmp.jpeg', u'0000000000000000000000000000000000000000000000000000000000000000', u'11000011', []]
f1 [2, u'/home/zxy/phishing_check/web_info/gray_web/cpuzt.cc/57e954bc/2e267148/328ac064/598c9b22/2015-08-01 18:00/9tmp.jpeg', u'0bea8aaa8aa8aa28a6a8bea8ab28ab288f08870883c9a6ca66c2228a328e2a84', u'11011000', []]
f2 [2, u'/home/zxy/phishing_check/web_info/counterfeit_web/ccktmp.cc/aba7ed93/4a92b6e0/7c468a48/b79f8d07/2015-08-01 17:29/16tmp.jpeg', u'1c7c4496c4dec926ca26c87fc8cfb55eb55ab5fab57ab5f6d5afd5aaef433cfe', u'11011000', []]
f1 [2, u'/home/zxy/phishing_check/web_info/gray_web/cpuzt.cc/57e954bc/2e267148/328ac064/598c9b22/2015-08-01 18:00/10tmp.jpeg', u'aaaaaa8aaa9aaab0a8ba88fa98e288e288ea886ac92aa922a9eea9aea92ea96b', u'11011000', []]
f2 [2, u'/home/zxy/phishing_check/web_info/counterfeit_web/ccktmp.cc/aba7ed93/4a92b6e0/7c468a48/b79f8d07/2015-08-01 17:29/0tmp.jpeg', u'df7dff7ddf75ff75d67d965d365d38ed18e9186938693869ba69b269ba69ba69', u'00111000', []]
f1 [2, u'/home/zxy/phishing_check/web_info/gray_web/cpuzt.cc/57e954bc/2e267148/328ac064/598c9b22/2015-08-01 18:00/10tmp.jpeg', u'aaaaaa8aaa9aaab0a8ba88fa98e288e288ea886ac92aa922a9eea9aea92ea96b', u'11011000', []]
f2 [2, u'/home/zxy/phishing_check/web_info/counterfeit_web/ccktmp.cc/aba7ed93/4a92b6e0/7c468a48/b79f8d07/2015-08-01 17:29/1tmp.jpeg', u'5aeb58fb597119711971197119711979197b197b093301e7a1e761a7f3a72137', u'01101100', []]
f1 [2, u'/home/zxy/phishing_check/web_info/gray_web/cpuzt.cc/57e954bc/2e267148/328ac064/598c9b22/2015-08-01 18:00/10tmp.jpeg', u'aaaaaa8aaa9aaab0a8ba88fa98e288e288ea886ac92aa922a9eea9aea92ea96b', u'11011000', []]
f2 [2, u'/home/zxy/phishing_check/web_info/counterfeit_web/ccktmp.cc/aba7ed93/4a92b6e0/7c468a48/b79f8d07/2015-08-01 17:29/2tmp.jpeg', u'5555555555555555555555555555555555555555555555555555555555555555', u'10011000', []]
f1 [2, u'/home/zxy/phishing_check/web_info/gray_web/cpuzt.cc/57e954bc/2e267148/328ac064/598c9b22/2015-08-01 18:00/10tmp.jpeg', u'aaaaaa8aaa9aaab0a8ba88fa98e288e288ea886ac92aa922a9eea9aea92ea96b', u'11011000', []]
f2 [2, u'/home/zxy/phishing_check/web_info/counterfeit_web/ccktmp.cc/aba7ed93/4a92b6e0/7c468a48/b79f8d07/2015-08-01 17:29/4tmp.jpeg', u'ca74ea74af2baa9ebe2b5adb5a6b92c492d4aa3baa2bef5eaa4a26caaa3aaa1a', u'01001101', []]
f1 [2, u'/home/zxy/phishing_check/web_info/gray_web/cpuzt.cc/57e954bc/2e267148/328ac064/598c9b22/2015-08-01 18:00/10tmp.jpeg', u'aaaaaa8aaa9aaab0a8ba88fa98e288e288ea886ac92aa922a9eea9aea92ea96b', u'11011000', []]
f2 [2, u'/home/zxy/phishing_check/web_info/counterfeit_web/ccktmp.cc/aba7ed93/4a92b6e0/7c468a48/b79f8d07/2015-08-01 17:29/5tmp.jpeg', u'5f5557555555575553575f55555555555f555555555557555f55555557555f53', u'10001101', []]
f1 [2, u'/home/zxy/phishing_check/web_info/gray_web/cpuzt.cc/57e954bc/2e267148/328ac064/598c9b22/2015-08-01 18:00/10tmp.jpeg', u'aaaaaa8aaa9aaab0a8ba88fa98e288e288ea886ac92aa922a9eea9aea92ea96b', u'11011000', []]
f2 [2, u'/home/zxy/phishing_check/web_info/counterfeit_web/ccktmp.cc/aba7ed93/4a92b6e0/7c468a48/b79f8d07/2015-08-01 17:29/7tmp.jpeg', u'0f001f001f001f001f001f001f003f003f007f007f00ff00ff01ff01ff00ff01', u'11011000', []]
f1 [2, u'/home/zxy/phishing_check/web_info/gray_web/cpuzt.cc/57e954bc/2e267148/328ac064/598c9b22/2015-08-01 18:00/10tmp.jpeg', u'aaaaaa8aaa9aaab0a8ba88fa98e288e288ea886ac92aa922a9eea9aea92ea96b', u'11011000', []]
f2 [1, u'/home/zxy/phishing_check/web_info/counterfeit_web/ccktmp.cc/aba7ed93/4a92b6e0/7c468a48/b79f8d07/2015-08-01 17:29/8tmp.jpeg', u'fffffffffefffefffcfffcff9cff9cf39ce39cf39cf31cfb1cfb1cff1c7f1c7f', u'11011000', [[[67, 14, 68, 6], [100, 16], 226.07963198837706, 80.9097230791777, 0.3722313919701624, 2.392687388141643, 0.988071438783843, 0.754648599263251, [0.004442011882512497, 1.923476154785073e-05, 1.3707495207062007e-10, 1.244868749968583e-10, 1.6257803853744103e-20, 5.324847055162269e-13, -3.5329585698933794e-22]], [[166, 1, 72, 19], [201, 10], 125.0, 87.1518120886121, 0.20580767752958123, 4.875591665048323, 0.8820358750165354, 0.9172270001622492, [0.0017805151386135394, 2.2705739440365887e-06, 5.955525516725742e-13, 8.299337495209436e-13, 4.613463408059027e-25, 8.930105654641095e-16, -3.572215338158811e-25]], [[2, 1, 57, 19], [30, 10], 296.0, 71.56505117707799, 0.48735258039004836, 5.114768813297345, 0.8186430523167209, 0.9198099533309324, [0.0019586557639671735, 2.34363162060989e-06, 7.331642954746864e-12, 1.8265176305102374e-12, -6.071643855920418e-24, -2.7793672551792136e-15, -2.794816633067864e-24]]]]
f1 [2, u'/home/zxy/phishing_check/web_info/gray_web/cpuzt.cc/57e954bc/2e267148/328ac064/598c9b22/2015-08-01 18:00/10tmp.jpeg', u'aaaaaa8aaa9aaab0a8ba88fa98e288e288ea886ac92aa922a9eea9aea92ea96b', u'11011000', []]
f2 [2, u'/home/zxy/phishing_check/web_info/counterfeit_web/ccktmp.cc/aba7ed93/4a92b6e0/7c468a48/b79f8d07/2015-08-01 17:29/9tmp.jpeg', u'0bea8aaa8aa8aa28a6a8bea8ab28ab288f08870883c9a6ca66c2228a328e2a84', u'11011000', []]
f1 [2, u'/home/zxy/phishing_check/web_info/gray_web/cpuzt.cc/57e954bc/2e267148/328ac064/598c9b22/2015-08-01 18:00/10tmp.jpeg', u'aaaaaa8aaa9aaab0a8ba88fa98e288e288ea886ac92aa922a9eea9aea92ea96b', u'11011000', []]
f2 [2, u'/home/zxy/phishing_check/web_info/counterfeit_web/ccktmp.cc/aba7ed93/4a92b6e0/7c468a48/b79f8d07/2015-08-01 17:29/10tmp.jpeg', u'aaaaaa8aaa9aaab0a8ba88fa98e288e288ea886ac92aa922a9eea9aea92ea96b', u'11011000', []]
f1 [2, u'/home/zxy/phishing_check/web_info/gray_web/cpuzt.cc/57e954bc/2e267148/328ac064/598c9b22/2015-08-01 18:00/10tmp.jpeg', u'aaaaaa8aaa9aaab0a8ba88fa98e288e288ea886ac92aa922a9eea9aea92ea96b', u'11011000', []]
f2 [2, u'/home/zxy/phishing_check/web_info/counterfeit_web/ccktmp.cc/aba7ed93/4a92b6e0/7c468a48/b79f8d07/2015-08-01 17:29/11tmp.jpeg', u'aaaaaaaaaaaaaaaaaaaab8aa98aa98aa98aab8aaa8aaa8aaa8aaa8aaa8aaa8ae', u'11010100', []]
f1 [2, u'/home/zxy/phishing_check/web_info/gray_web/cpuzt.cc/57e954bc/2e267148/328ac064/598c9b22/2015-08-01 18:00/10tmp.jpeg', u'aaaaaa8aaa9aaab0a8ba88fa98e288e288ea886ac92aa922a9eea9aea92ea96b', u'11011000', []]
f2 [2, u'/home/zxy/phishing_check/web_info/counterfeit_web/ccktmp.cc/aba7ed93/4a92b6e0/7c468a48/b79f8d07/2015-08-01 17:29/12tmp.jpeg', u'aaaaaaaaa8aa98aa88aa88aaa8aaa8aab8aeb8aeb8aeb8aeb8aeb8aeb8ee98ab', u'11010100', []]
f1 [2, u'/home/zxy/phishing_check/web_info/gray_web/cpuzt.cc/57e954bc/2e267148/328ac064/598c9b22/2015-08-01 18:00/10tmp.jpeg', u'aaaaaa8aaa9aaab0a8ba88fa98e288e288ea886ac92aa922a9eea9aea92ea96b', u'11011000', []]
f2 [2, u'/home/zxy/phishing_check/web_info/counterfeit_web/ccktmp.cc/aba7ed93/4a92b6e0/7c468a48/b79f8d07/2015-08-01 17:29/13tmp.jpeg', u'aaaab8eeaaaaa8aaa8aaa8aaa8aaa8aaa8aaa8aaa8aaa9aaa9aaa9aaa82aa8aa', u'11010100', []]
f1 [2, u'/home/zxy/phishing_check/web_info/gray_web/cpuzt.cc/57e954bc/2e267148/328ac064/598c9b22/2015-08-01 18:00/10tmp.jpeg', u'aaaaaa8aaa9aaab0a8ba88fa98e288e288ea886ac92aa922a9eea9aea92ea96b', u'11011000', []]
f2 [1, u'/home/zxy/phishing_check/web_info/counterfeit_web/ccktmp.cc/aba7ed93/4a92b6e0/7c468a48/b79f8d07/2015-08-01 17:29/15tmp.jpeg', u'0000000000000000000000000000000000000000000000000000000000000000', u'11000011', []]
f1 [2, u'/home/zxy/phishing_check/web_info/gray_web/cpuzt.cc/57e954bc/2e267148/328ac064/598c9b22/2015-08-01 18:00/10tmp.jpeg', u'aaaaaa8aaa9aaab0a8ba88fa98e288e288ea886ac92aa922a9eea9aea92ea96b', u'11011000', []]
f2 [2, u'/home/zxy/phishing_check/web_info/counterfeit_web/ccktmp.cc/aba7ed93/4a92b6e0/7c468a48/b79f8d07/2015-08-01 17:29/16tmp.jpeg', u'1c7c4496c4dec926ca26c87fc8cfb55eb55ab5fab57ab5f6d5afd5aaef433cfe', u'11011000', []]
f1 [2, u'/home/zxy/phishing_check/web_info/gray_web/cpuzt.cc/57e954bc/2e267148/328ac064/598c9b22/2015-08-01 18:00/11tmp.jpeg', u'aaaaaaaaaaaaaaaaaaaab8aa98aa98aa98aab8aaa8aaa8aaa8aaa8aaa8aaa8ae', u'11010100', []]
f2 [2, u'/home/zxy/phishing_check/web_info/counterfeit_web/ccktmp.cc/aba7ed93/4a92b6e0/7c468a48/b79f8d07/2015-08-01 17:29/0tmp.jpeg', u'df7dff7ddf75ff75d67d965d365d38ed18e9186938693869ba69b269ba69ba69', u'00111000', []]
f1 [2, u'/home/zxy/phishing_check/web_info/gray_web/cpuzt.cc/57e954bc/2e267148/328ac064/598c9b22/2015-08-01 18:00/11tmp.jpeg', u'aaaaaaaaaaaaaaaaaaaab8aa98aa98aa98aab8aaa8aaa8aaa8aaa8aaa8aaa8ae', u'11010100', []]
f2 [2, u'/home/zxy/phishing_check/web_info/counterfeit_web/ccktmp.cc/aba7ed93/4a92b6e0/7c468a48/b79f8d07/2015-08-01 17:29/1tmp.jpeg', u'5aeb58fb597119711971197119711979197b197b093301e7a1e761a7f3a72137', u'01101100', []]
f1 [2, u'/home/zxy/phishing_check/web_info/gray_web/cpuzt.cc/57e954bc/2e267148/328ac064/598c9b22/2015-08-01 18:00/11tmp.jpeg', u'aaaaaaaaaaaaaaaaaaaab8aa98aa98aa98aab8aaa8aaa8aaa8aaa8aaa8aaa8ae', u'11010100', []]
f2 [2, u'/home/zxy/phishing_check/web_info/counterfeit_web/ccktmp.cc/aba7ed93/4a92b6e0/7c468a48/b79f8d07/2015-08-01 17:29/2tmp.jpeg', u'5555555555555555555555555555555555555555555555555555555555555555', u'10011000', []]
f1 [2, u'/home/zxy/phishing_check/web_info/gray_web/cpuzt.cc/57e954bc/2e267148/328ac064/598c9b22/2015-08-01 18:00/11tmp.jpeg', u'aaaaaaaaaaaaaaaaaaaab8aa98aa98aa98aab8aaa8aaa8aaa8aaa8aaa8aaa8ae', u'11010100', []]
f2 [2, u'/home/zxy/phishing_check/web_info/counterfeit_web/ccktmp.cc/aba7ed93/4a92b6e0/7c468a48/b79f8d07/2015-08-01 17:29/4tmp.jpeg', u'ca74ea74af2baa9ebe2b5adb5a6b92c492d4aa3baa2bef5eaa4a26caaa3aaa1a', u'01001101', []]
f1 [2, u'/home/zxy/phishing_check/web_info/gray_web/cpuzt.cc/57e954bc/2e267148/328ac064/598c9b22/2015-08-01 18:00/11tmp.jpeg', u'aaaaaaaaaaaaaaaaaaaab8aa98aa98aa98aab8aaa8aaa8aaa8aaa8aaa8aaa8ae', u'11010100', []]
f2 [2, u'/home/zxy/phishing_check/web_info/counterfeit_web/ccktmp.cc/aba7ed93/4a92b6e0/7c468a48/b79f8d07/2015-08-01 17:29/5tmp.jpeg', u'5f5557555555575553575f55555555555f555555555557555f55555557555f53', u'10001101', []]
f1 [2, u'/home/zxy/phishing_check/web_info/gray_web/cpuzt.cc/57e954bc/2e267148/328ac064/598c9b22/2015-08-01 18:00/11tmp.jpeg', u'aaaaaaaaaaaaaaaaaaaab8aa98aa98aa98aab8aaa8aaa8aaa8aaa8aaa8aaa8ae', u'11010100', []]
f2 [2, u'/home/zxy/phishing_check/web_info/counterfeit_web/ccktmp.cc/aba7ed93/4a92b6e0/7c468a48/b79f8d07/2015-08-01 17:29/7tmp.jpeg', u'0f001f001f001f001f001f001f003f003f007f007f00ff00ff01ff01ff00ff01', u'11011000', []]
f1 [2, u'/home/zxy/phishing_check/web_info/gray_web/cpuzt.cc/57e954bc/2e267148/328ac064/598c9b22/2015-08-01 18:00/11tmp.jpeg', u'aaaaaaaaaaaaaaaaaaaab8aa98aa98aa98aab8aaa8aaa8aaa8aaa8aaa8aaa8ae', u'11010100', []]
f2 [1, u'/home/zxy/phishing_check/web_info/counterfeit_web/ccktmp.cc/aba7ed93/4a92b6e0/7c468a48/b79f8d07/2015-08-01 17:29/8tmp.jpeg', u'fffffffffefffefffcfffcff9cff9cf39ce39cf39cf31cfb1cfb1cff1c7f1c7f', u'11011000', [[[67, 14, 68, 6], [100, 16], 226.07963198837706, 80.9097230791777, 0.3722313919701624, 2.392687388141643, 0.988071438783843, 0.754648599263251, [0.004442011882512497, 1.923476154785073e-05, 1.3707495207062007e-10, 1.244868749968583e-10, 1.6257803853744103e-20, 5.324847055162269e-13, -3.5329585698933794e-22]], [[166, 1, 72, 19], [201, 10], 125.0, 87.1518120886121, 0.20580767752958123, 4.875591665048323, 0.8820358750165354, 0.9172270001622492, [0.0017805151386135394, 2.2705739440365887e-06, 5.955525516725742e-13, 8.299337495209436e-13, 4.613463408059027e-25, 8.930105654641095e-16, -3.572215338158811e-25]], [[2, 1, 57, 19], [30, 10], 296.0, 71.56505117707799, 0.48735258039004836, 5.114768813297345, 0.8186430523167209, 0.9198099533309324, [0.0019586557639671735, 2.34363162060989e-06, 7.331642954746864e-12, 1.8265176305102374e-12, -6.071643855920418e-24, -2.7793672551792136e-15, -2.794816633067864e-24]]]]
f1 [2, u'/home/zxy/phishing_check/web_info/gray_web/cpuzt.cc/57e954bc/2e267148/328ac064/598c9b22/2015-08-01 18:00/11tmp.jpeg', u'aaaaaaaaaaaaaaaaaaaab8aa98aa98aa98aab8aaa8aaa8aaa8aaa8aaa8aaa8ae', u'11010100', []]
f2 [2, u'/home/zxy/phishing_check/web_info/counterfeit_web/ccktmp.cc/aba7ed93/4a92b6e0/7c468a48/b79f8d07/2015-08-01 17:29/9tmp.jpeg', u'0bea8aaa8aa8aa28a6a8bea8ab28ab288f08870883c9a6ca66c2228a328e2a84', u'11011000', []]
f1 [2, u'/home/zxy/phishing_check/web_info/gray_web/cpuzt.cc/57e954bc/2e267148/328ac064/598c9b22/2015-08-01 18:00/11tmp.jpeg', u'aaaaaaaaaaaaaaaaaaaab8aa98aa98aa98aab8aaa8aaa8aaa8aaa8aaa8aaa8ae', u'11010100', []]
f2 [2, u'/home/zxy/phishing_check/web_info/counterfeit_web/ccktmp.cc/aba7ed93/4a92b6e0/7c468a48/b79f8d07/2015-08-01 17:29/10tmp.jpeg', u'aaaaaa8aaa9aaab0a8ba88fa98e288e288ea886ac92aa922a9eea9aea92ea96b', u'11011000', []]
f1 [2, u'/home/zxy/phishing_check/web_info/gray_web/cpuzt.cc/57e954bc/2e267148/328ac064/598c9b22/2015-08-01 18:00/11tmp.jpeg', u'aaaaaaaaaaaaaaaaaaaab8aa98aa98aa98aab8aaa8aaa8aaa8aaa8aaa8aaa8ae', u'11010100', []]
f2 [2, u'/home/zxy/phishing_check/web_info/counterfeit_web/ccktmp.cc/aba7ed93/4a92b6e0/7c468a48/b79f8d07/2015-08-01 17:29/11tmp.jpeg', u'aaaaaaaaaaaaaaaaaaaab8aa98aa98aa98aab8aaa8aaa8aaa8aaa8aaa8aaa8ae', u'11010100', []]
f1 [2, u'/home/zxy/phishing_check/web_info/gray_web/cpuzt.cc/57e954bc/2e267148/328ac064/598c9b22/2015-08-01 18:00/11tmp.jpeg', u'aaaaaaaaaaaaaaaaaaaab8aa98aa98aa98aab8aaa8aaa8aaa8aaa8aaa8aaa8ae', u'11010100', []]
f2 [2, u'/home/zxy/phishing_check/web_info/counterfeit_web/ccktmp.cc/aba7ed93/4a92b6e0/7c468a48/b79f8d07/2015-08-01 17:29/12tmp.jpeg', u'aaaaaaaaa8aa98aa88aa88aaa8aaa8aab8aeb8aeb8aeb8aeb8aeb8aeb8ee98ab', u'11010100', []]
f1 [2, u'/home/zxy/phishing_check/web_info/gray_web/cpuzt.cc/57e954bc/2e267148/328ac064/598c9b22/2015-08-01 18:00/11tmp.jpeg', u'aaaaaaaaaaaaaaaaaaaab8aa98aa98aa98aab8aaa8aaa8aaa8aaa8aaa8aaa8ae', u'11010100', []]
f2 [2, u'/home/zxy/phishing_check/web_info/counterfeit_web/ccktmp.cc/aba7ed93/4a92b6e0/7c468a48/b79f8d07/2015-08-01 17:29/13tmp.jpeg', u'aaaab8eeaaaaa8aaa8aaa8aaa8aaa8aaa8aaa8aaa8aaa9aaa9aaa9aaa82aa8aa', u'11010100', []]
f1 [2, u'/home/zxy/phishing_check/web_info/gray_web/cpuzt.cc/57e954bc/2e267148/328ac064/598c9b22/2015-08-01 18:00/11tmp.jpeg', u'aaaaaaaaaaaaaaaaaaaab8aa98aa98aa98aab8aaa8aaa8aaa8aaa8aaa8aaa8ae', u'11010100', []]
f2 [1, u'/home/zxy/phishing_check/web_info/counterfeit_web/ccktmp.cc/aba7ed93/4a92b6e0/7c468a48/b79f8d07/2015-08-01 17:29/15tmp.jpeg', u'0000000000000000000000000000000000000000000000000000000000000000', u'11000011', []]
f1 [2, u'/home/zxy/phishing_check/web_info/gray_web/cpuzt.cc/57e954bc/2e267148/328ac064/598c9b22/2015-08-01 18:00/11tmp.jpeg', u'aaaaaaaaaaaaaaaaaaaab8aa98aa98aa98aab8aaa8aaa8aaa8aaa8aaa8aaa8ae', u'11010100', []]
f2 [2, u'/home/zxy/phishing_check/web_info/counterfeit_web/ccktmp.cc/aba7ed93/4a92b6e0/7c468a48/b79f8d07/2015-08-01 17:29/16tmp.jpeg', u'1c7c4496c4dec926ca26c87fc8cfb55eb55ab5fab57ab5f6d5afd5aaef433cfe', u'11011000', []]
f1 [2, u'/home/zxy/phishing_check/web_info/gray_web/cpuzt.cc/57e954bc/2e267148/328ac064/598c9b22/2015-08-01 18:00/12tmp.jpeg', u'aaaaaaaaa8aa98aa88aa88aaa8aaa8aab8aeb8aeb8aeb8aeb8aeb8aeb8ee98ab', u'11010100', []]
f2 [2, u'/home/zxy/phishing_check/web_info/counterfeit_web/ccktmp.cc/aba7ed93/4a92b6e0/7c468a48/b79f8d07/2015-08-01 17:29/0tmp.jpeg', u'df7dff7ddf75ff75d67d965d365d38ed18e9186938693869ba69b269ba69ba69', u'00111000', []]
f1 [2, u'/home/zxy/phishing_check/web_info/gray_web/cpuzt.cc/57e954bc/2e267148/328ac064/598c9b22/2015-08-01 18:00/12tmp.jpeg', u'aaaaaaaaa8aa98aa88aa88aaa8aaa8aab8aeb8aeb8aeb8aeb8aeb8aeb8ee98ab', u'11010100', []]
f2 [2, u'/home/zxy/phishing_check/web_info/counterfeit_web/ccktmp.cc/aba7ed93/4a92b6e0/7c468a48/b79f8d07/2015-08-01 17:29/1tmp.jpeg', u'5aeb58fb597119711971197119711979197b197b093301e7a1e761a7f3a72137', u'01101100', []]
f1 [2, u'/home/zxy/phishing_check/web_info/gray_web/cpuzt.cc/57e954bc/2e267148/328ac064/598c9b22/2015-08-01 18:00/12tmp.jpeg', u'aaaaaaaaa8aa98aa88aa88aaa8aaa8aab8aeb8aeb8aeb8aeb8aeb8aeb8ee98ab', u'11010100', []]
f2 [2, u'/home/zxy/phishing_check/web_info/counterfeit_web/ccktmp.cc/aba7ed93/4a92b6e0/7c468a48/b79f8d07/2015-08-01 17:29/2tmp.jpeg', u'5555555555555555555555555555555555555555555555555555555555555555', u'10011000', []]
f1 [2, u'/home/zxy/phishing_check/web_info/gray_web/cpuzt.cc/57e954bc/2e267148/328ac064/598c9b22/2015-08-01 18:00/12tmp.jpeg', u'aaaaaaaaa8aa98aa88aa88aaa8aaa8aab8aeb8aeb8aeb8aeb8aeb8aeb8ee98ab', u'11010100', []]
f2 [2, u'/home/zxy/phishing_check/web_info/counterfeit_web/ccktmp.cc/aba7ed93/4a92b6e0/7c468a48/b79f8d07/2015-08-01 17:29/4tmp.jpeg', u'ca74ea74af2baa9ebe2b5adb5a6b92c492d4aa3baa2bef5eaa4a26caaa3aaa1a', u'01001101', []]
f1 [2, u'/home/zxy/phishing_check/web_info/gray_web/cpuzt.cc/57e954bc/2e267148/328ac064/598c9b22/2015-08-01 18:00/12tmp.jpeg', u'aaaaaaaaa8aa98aa88aa88aaa8aaa8aab8aeb8aeb8aeb8aeb8aeb8aeb8ee98ab', u'11010100', []]
f2 [2, u'/home/zxy/phishing_check/web_info/counterfeit_web/ccktmp.cc/aba7ed93/4a92b6e0/7c468a48/b79f8d07/2015-08-01 17:29/5tmp.jpeg', u'5f5557555555575553575f55555555555f555555555557555f55555557555f53', u'10001101', []]
f1 [2, u'/home/zxy/phishing_check/web_info/gray_web/cpuzt.cc/57e954bc/2e267148/328ac064/598c9b22/2015-08-01 18:00/12tmp.jpeg', u'aaaaaaaaa8aa98aa88aa88aaa8aaa8aab8aeb8aeb8aeb8aeb8aeb8aeb8ee98ab', u'11010100', []]
f2 [2, u'/home/zxy/phishing_check/web_info/counterfeit_web/ccktmp.cc/aba7ed93/4a92b6e0/7c468a48/b79f8d07/2015-08-01 17:29/7tmp.jpeg', u'0f001f001f001f001f001f001f003f003f007f007f00ff00ff01ff01ff00ff01', u'11011000', []]
f1 [2, u'/home/zxy/phishing_check/web_info/gray_web/cpuzt.cc/57e954bc/2e267148/328ac064/598c9b22/2015-08-01 18:00/12tmp.jpeg', u'aaaaaaaaa8aa98aa88aa88aaa8aaa8aab8aeb8aeb8aeb8aeb8aeb8aeb8ee98ab', u'11010100', []]
f2 [1, u'/home/zxy/phishing_check/web_info/counterfeit_web/ccktmp.cc/aba7ed93/4a92b6e0/7c468a48/b79f8d07/2015-08-01 17:29/8tmp.jpeg', u'fffffffffefffefffcfffcff9cff9cf39ce39cf39cf31cfb1cfb1cff1c7f1c7f', u'11011000', [[[67, 14, 68, 6], [100, 16], 226.07963198837706, 80.9097230791777, 0.3722313919701624, 2.392687388141643, 0.988071438783843, 0.754648599263251, [0.004442011882512497, 1.923476154785073e-05, 1.3707495207062007e-10, 1.244868749968583e-10, 1.6257803853744103e-20, 5.324847055162269e-13, -3.5329585698933794e-22]], [[166, 1, 72, 19], [201, 10], 125.0, 87.1518120886121, 0.20580767752958123, 4.875591665048323, 0.8820358750165354, 0.9172270001622492, [0.0017805151386135394, 2.2705739440365887e-06, 5.955525516725742e-13, 8.299337495209436e-13, 4.613463408059027e-25, 8.930105654641095e-16, -3.572215338158811e-25]], [[2, 1, 57, 19], [30, 10], 296.0, 71.56505117707799, 0.48735258039004836, 5.114768813297345, 0.8186430523167209, 0.9198099533309324, [0.0019586557639671735, 2.34363162060989e-06, 7.331642954746864e-12, 1.8265176305102374e-12, -6.071643855920418e-24, -2.7793672551792136e-15, -2.794816633067864e-24]]]]
f1 [2, u'/home/zxy/phishing_check/web_info/gray_web/cpuzt.cc/57e954bc/2e267148/328ac064/598c9b22/2015-08-01 18:00/12tmp.jpeg', u'aaaaaaaaa8aa98aa88aa88aaa8aaa8aab8aeb8aeb8aeb8aeb8aeb8aeb8ee98ab', u'11010100', []]
f2 [2, u'/home/zxy/phishing_check/web_info/counterfeit_web/ccktmp.cc/aba7ed93/4a92b6e0/7c468a48/b79f8d07/2015-08-01 17:29/9tmp.jpeg', u'0bea8aaa8aa8aa28a6a8bea8ab28ab288f08870883c9a6ca66c2228a328e2a84', u'11011000', []]
f1 [2, u'/home/zxy/phishing_check/web_info/gray_web/cpuzt.cc/57e954bc/2e267148/328ac064/598c9b22/2015-08-01 18:00/12tmp.jpeg', u'aaaaaaaaa8aa98aa88aa88aaa8aaa8aab8aeb8aeb8aeb8aeb8aeb8aeb8ee98ab', u'11010100', []]
f2 [2, u'/home/zxy/phishing_check/web_info/counterfeit_web/ccktmp.cc/aba7ed93/4a92b6e0/7c468a48/b79f8d07/2015-08-01 17:29/10tmp.jpeg', u'aaaaaa8aaa9aaab0a8ba88fa98e288e288ea886ac92aa922a9eea9aea92ea96b', u'11011000', []]
f1 [2, u'/home/zxy/phishing_check/web_info/gray_web/cpuzt.cc/57e954bc/2e267148/328ac064/598c9b22/2015-08-01 18:00/12tmp.jpeg', u'aaaaaaaaa8aa98aa88aa88aaa8aaa8aab8aeb8aeb8aeb8aeb8aeb8aeb8ee98ab', u'11010100', []]
f2 [2, u'/home/zxy/phishing_check/web_info/counterfeit_web/ccktmp.cc/aba7ed93/4a92b6e0/7c468a48/b79f8d07/2015-08-01 17:29/11tmp.jpeg', u'aaaaaaaaaaaaaaaaaaaab8aa98aa98aa98aab8aaa8aaa8aaa8aaa8aaa8aaa8ae', u'11010100', []]
f1 [2, u'/home/zxy/phishing_check/web_info/gray_web/cpuzt.cc/57e954bc/2e267148/328ac064/598c9b22/2015-08-01 18:00/12tmp.jpeg', u'aaaaaaaaa8aa98aa88aa88aaa8aaa8aab8aeb8aeb8aeb8aeb8aeb8aeb8ee98ab', u'11010100', []]
f2 [2, u'/home/zxy/phishing_check/web_info/counterfeit_web/ccktmp.cc/aba7ed93/4a92b6e0/7c468a48/b79f8d07/2015-08-01 17:29/12tmp.jpeg', u'aaaaaaaaa8aa98aa88aa88aaa8aaa8aab8aeb8aeb8aeb8aeb8aeb8aeb8ee98ab', u'11010100', []]
f1 [2, u'/home/zxy/phishing_check/web_info/gray_web/cpuzt.cc/57e954bc/2e267148/328ac064/598c9b22/2015-08-01 18:00/12tmp.jpeg', u'aaaaaaaaa8aa98aa88aa88aaa8aaa8aab8aeb8aeb8aeb8aeb8aeb8aeb8ee98ab', u'11010100', []]
f2 [2, u'/home/zxy/phishing_check/web_info/counterfeit_web/ccktmp.cc/aba7ed93/4a92b6e0/7c468a48/b79f8d07/2015-08-01 17:29/13tmp.jpeg', u'aaaab8eeaaaaa8aaa8aaa8aaa8aaa8aaa8aaa8aaa8aaa9aaa9aaa9aaa82aa8aa', u'11010100', []]
f1 [2, u'/home/zxy/phishing_check/web_info/gray_web/cpuzt.cc/57e954bc/2e267148/328ac064/598c9b22/2015-08-01 18:00/12tmp.jpeg', u'aaaaaaaaa8aa98aa88aa88aaa8aaa8aab8aeb8aeb8aeb8aeb8aeb8aeb8ee98ab', u'11010100', []]
f2 [1, u'/home/zxy/phishing_check/web_info/counterfeit_web/ccktmp.cc/aba7ed93/4a92b6e0/7c468a48/b79f8d07/2015-08-01 17:29/15tmp.jpeg', u'0000000000000000000000000000000000000000000000000000000000000000', u'11000011', []]
f1 [2, u'/home/zxy/phishing_check/web_info/gray_web/cpuzt.cc/57e954bc/2e267148/328ac064/598c9b22/2015-08-01 18:00/12tmp.jpeg', u'aaaaaaaaa8aa98aa88aa88aaa8aaa8aab8aeb8aeb8aeb8aeb8aeb8aeb8ee98ab', u'11010100', []]
f2 [2, u'/home/zxy/phishing_check/web_info/counterfeit_web/ccktmp.cc/aba7ed93/4a92b6e0/7c468a48/b79f8d07/2015-08-01 17:29/16tmp.jpeg', u'1c7c4496c4dec926ca26c87fc8cfb55eb55ab5fab57ab5f6d5afd5aaef433cfe', u'11011000', []]
f1 [2, u'/home/zxy/phishing_check/web_info/gray_web/cpuzt.cc/57e954bc/2e267148/328ac064/598c9b22/2015-08-01 18:00/13tmp.jpeg', u'aaaab8eeaaaaa8aaa8aaa8aaa8aaa8aaa8aaa8aaa8aaa9aaa9aaa9aaa82aa8aa', u'11010100', []]
f2 [2, u'/home/zxy/phishing_check/web_info/counterfeit_web/ccktmp.cc/aba7ed93/4a92b6e0/7c468a48/b79f8d07/2015-08-01 17:29/0tmp.jpeg', u'df7dff7ddf75ff75d67d965d365d38ed18e9186938693869ba69b269ba69ba69', u'00111000', []]
f1 [2, u'/home/zxy/phishing_check/web_info/gray_web/cpuzt.cc/57e954bc/2e267148/328ac064/598c9b22/2015-08-01 18:00/13tmp.jpeg', u'aaaab8eeaaaaa8aaa8aaa8aaa8aaa8aaa8aaa8aaa8aaa9aaa9aaa9aaa82aa8aa', u'11010100', []]
f2 [2, u'/home/zxy/phishing_check/web_info/counterfeit_web/ccktmp.cc/aba7ed93/4a92b6e0/7c468a48/b79f8d07/2015-08-01 17:29/1tmp.jpeg', u'5aeb58fb597119711971197119711979197b197b093301e7a1e761a7f3a72137', u'01101100', []]
f1 [2, u'/home/zxy/phishing_check/web_info/gray_web/cpuzt.cc/57e954bc/2e267148/328ac064/598c9b22/2015-08-01 18:00/13tmp.jpeg', u'aaaab8eeaaaaa8aaa8aaa8aaa8aaa8aaa8aaa8aaa8aaa9aaa9aaa9aaa82aa8aa', u'11010100', []]
f2 [2, u'/home/zxy/phishing_check/web_info/counterfeit_web/ccktmp.cc/aba7ed93/4a92b6e0/7c468a48/b79f8d07/2015-08-01 17:29/2tmp.jpeg', u'5555555555555555555555555555555555555555555555555555555555555555', u'10011000', []]
f1 [2, u'/home/zxy/phishing_check/web_info/gray_web/cpuzt.cc/57e954bc/2e267148/328ac064/598c9b22/2015-08-01 18:00/13tmp.jpeg', u'aaaab8eeaaaaa8aaa8aaa8aaa8aaa8aaa8aaa8aaa8aaa9aaa9aaa9aaa82aa8aa', u'11010100', []]
f2 [2, u'/home/zxy/phishing_check/web_info/counterfeit_web/ccktmp.cc/aba7ed93/4a92b6e0/7c468a48/b79f8d07/2015-08-01 17:29/4tmp.jpeg', u'ca74ea74af2baa9ebe2b5adb5a6b92c492d4aa3baa2bef5eaa4a26caaa3aaa1a', u'01001101', []]
f1 [2, u'/home/zxy/phishing_check/web_info/gray_web/cpuzt.cc/57e954bc/2e267148/328ac064/598c9b22/2015-08-01 18:00/13tmp.jpeg', u'aaaab8eeaaaaa8aaa8aaa8aaa8aaa8aaa8aaa8aaa8aaa9aaa9aaa9aaa82aa8aa', u'11010100', []]
f2 [2, u'/home/zxy/phishing_check/web_info/counterfeit_web/ccktmp.cc/aba7ed93/4a92b6e0/7c468a48/b79f8d07/2015-08-01 17:29/5tmp.jpeg', u'5f5557555555575553575f55555555555f555555555557555f55555557555f53', u'10001101', []]
f1 [2, u'/home/zxy/phishing_check/web_info/gray_web/cpuzt.cc/57e954bc/2e267148/328ac064/598c9b22/2015-08-01 18:00/13tmp.jpeg', u'aaaab8eeaaaaa8aaa8aaa8aaa8aaa8aaa8aaa8aaa8aaa9aaa9aaa9aaa82aa8aa', u'11010100', []]
f2 [2, u'/home/zxy/phishing_check/web_info/counterfeit_web/ccktmp.cc/aba7ed93/4a92b6e0/7c468a48/b79f8d07/2015-08-01 17:29/7tmp.jpeg', u'0f001f001f001f001f001f001f003f003f007f007f00ff00ff01ff01ff00ff01', u'11011000', []]
f1 [2, u'/home/zxy/phishing_check/web_info/gray_web/cpuzt.cc/57e954bc/2e267148/328ac064/598c9b22/2015-08-01 18:00/13tmp.jpeg', u'aaaab8eeaaaaa8aaa8aaa8aaa8aaa8aaa8aaa8aaa8aaa9aaa9aaa9aaa82aa8aa', u'11010100', []]
f2 [1, u'/home/zxy/phishing_check/web_info/counterfeit_web/ccktmp.cc/aba7ed93/4a92b6e0/7c468a48/b79f8d07/2015-08-01 17:29/8tmp.jpeg', u'fffffffffefffefffcfffcff9cff9cf39ce39cf39cf31cfb1cfb1cff1c7f1c7f', u'11011000', [[[67, 14, 68, 6], [100, 16], 226.07963198837706, 80.9097230791777, 0.3722313919701624, 2.392687388141643, 0.988071438783843, 0.754648599263251, [0.004442011882512497, 1.923476154785073e-05, 1.3707495207062007e-10, 1.244868749968583e-10, 1.6257803853744103e-20, 5.324847055162269e-13, -3.5329585698933794e-22]], [[166, 1, 72, 19], [201, 10], 125.0, 87.1518120886121, 0.20580767752958123, 4.875591665048323, 0.8820358750165354, 0.9172270001622492, [0.0017805151386135394, 2.2705739440365887e-06, 5.955525516725742e-13, 8.299337495209436e-13, 4.613463408059027e-25, 8.930105654641095e-16, -3.572215338158811e-25]], [[2, 1, 57, 19], [30, 10], 296.0, 71.56505117707799, 0.48735258039004836, 5.114768813297345, 0.8186430523167209, 0.9198099533309324, [0.0019586557639671735, 2.34363162060989e-06, 7.331642954746864e-12, 1.8265176305102374e-12, -6.071643855920418e-24, -2.7793672551792136e-15, -2.794816633067864e-24]]]]
f1 [2, u'/home/zxy/phishing_check/web_info/gray_web/cpuzt.cc/57e954bc/2e267148/328ac064/598c9b22/2015-08-01 18:00/13tmp.jpeg', u'aaaab8eeaaaaa8aaa8aaa8aaa8aaa8aaa8aaa8aaa8aaa9aaa9aaa9aaa82aa8aa', u'11010100', []]
f2 [2, u'/home/zxy/phishing_check/web_info/counterfeit_web/ccktmp.cc/aba7ed93/4a92b6e0/7c468a48/b79f8d07/2015-08-01 17:29/9tmp.jpeg', u'0bea8aaa8aa8aa28a6a8bea8ab28ab288f08870883c9a6ca66c2228a328e2a84', u'11011000', []]
f1 [2, u'/home/zxy/phishing_check/web_info/gray_web/cpuzt.cc/57e954bc/2e267148/328ac064/598c9b22/2015-08-01 18:00/13tmp.jpeg', u'aaaab8eeaaaaa8aaa8aaa8aaa8aaa8aaa8aaa8aaa8aaa9aaa9aaa9aaa82aa8aa', u'11010100', []]
f2 [2, u'/home/zxy/phishing_check/web_info/counterfeit_web/ccktmp.cc/aba7ed93/4a92b6e0/7c468a48/b79f8d07/2015-08-01 17:29/10tmp.jpeg', u'aaaaaa8aaa9aaab0a8ba88fa98e288e288ea886ac92aa922a9eea9aea92ea96b', u'11011000', []]
f1 [2, u'/home/zxy/phishing_check/web_info/gray_web/cpuzt.cc/57e954bc/2e267148/328ac064/598c9b22/2015-08-01 18:00/13tmp.jpeg', u'aaaab8eeaaaaa8aaa8aaa8aaa8aaa8aaa8aaa8aaa8aaa9aaa9aaa9aaa82aa8aa', u'11010100', []]
f2 [2, u'/home/zxy/phishing_check/web_info/counterfeit_web/ccktmp.cc/aba7ed93/4a92b6e0/7c468a48/b79f8d07/2015-08-01 17:29/11tmp.jpeg', u'aaaaaaaaaaaaaaaaaaaab8aa98aa98aa98aab8aaa8aaa8aaa8aaa8aaa8aaa8ae', u'11010100', []]
f1 [2, u'/home/zxy/phishing_check/web_info/gray_web/cpuzt.cc/57e954bc/2e267148/328ac064/598c9b22/2015-08-01 18:00/13tmp.jpeg', u'aaaab8eeaaaaa8aaa8aaa8aaa8aaa8aaa8aaa8aaa8aaa9aaa9aaa9aaa82aa8aa', u'11010100', []]
f2 [2, u'/home/zxy/phishing_check/web_info/counterfeit_web/ccktmp.cc/aba7ed93/4a92b6e0/7c468a48/b79f8d07/2015-08-01 17:29/12tmp.jpeg', u'aaaaaaaaa8aa98aa88aa88aaa8aaa8aab8aeb8aeb8aeb8aeb8aeb8aeb8ee98ab', u'11010100', []]
f1 [2, u'/home/zxy/phishing_check/web_info/gray_web/cpuzt.cc/57e954bc/2e267148/328ac064/598c9b22/2015-08-01 18:00/13tmp.jpeg', u'aaaab8eeaaaaa8aaa8aaa8aaa8aaa8aaa8aaa8aaa8aaa9aaa9aaa9aaa82aa8aa', u'11010100', []]
f2 [2, u'/home/zxy/phishing_check/web_info/counterfeit_web/ccktmp.cc/aba7ed93/4a92b6e0/7c468a48/b79f8d07/2015-08-01 17:29/13tmp.jpeg', u'aaaab8eeaaaaa8aaa8aaa8aaa8aaa8aaa8aaa8aaa8aaa9aaa9aaa9aaa82aa8aa', u'11010100', []]
f1 [2, u'/home/zxy/phishing_check/web_info/gray_web/cpuzt.cc/57e954bc/2e267148/328ac064/598c9b22/2015-08-01 18:00/13tmp.jpeg', u'aaaab8eeaaaaa8aaa8aaa8aaa8aaa8aaa8aaa8aaa8aaa9aaa9aaa9aaa82aa8aa', u'11010100', []]
f2 [1, u'/home/zxy/phishing_check/web_info/counterfeit_web/ccktmp.cc/aba7ed93/4a92b6e0/7c468a48/b79f8d07/2015-08-01 17:29/15tmp.jpeg', u'0000000000000000000000000000000000000000000000000000000000000000', u'11000011', []]
f1 [2, u'/home/zxy/phishing_check/web_info/gray_web/cpuzt.cc/57e954bc/2e267148/328ac064/598c9b22/2015-08-01 18:00/13tmp.jpeg', u'aaaab8eeaaaaa8aaa8aaa8aaa8aaa8aaa8aaa8aaa8aaa9aaa9aaa9aaa82aa8aa', u'11010100', []]
f2 [2, u'/home/zxy/phishing_check/web_info/counterfeit_web/ccktmp.cc/aba7ed93/4a92b6e0/7c468a48/b79f8d07/2015-08-01 17:29/16tmp.jpeg', u'1c7c4496c4dec926ca26c87fc8cfb55eb55ab5fab57ab5f6d5afd5aaef433cfe', u'11011000', []]
f1 [1, u'/home/zxy/phishing_check/web_info/gray_web/cpuzt.cc/57e954bc/2e267148/328ac064/598c9b22/2015-08-01 18:00/15tmp.jpeg', u'0000000000000000000000000000000000000000000000000000000000000000', u'11000011', []]
f2 [2, u'/home/zxy/phishing_check/web_info/counterfeit_web/ccktmp.cc/aba7ed93/4a92b6e0/7c468a48/b79f8d07/2015-08-01 17:29/0tmp.jpeg', u'df7dff7ddf75ff75d67d965d365d38ed18e9186938693869ba69b269ba69ba69', u'00111000', []]
f1 [1, u'/home/zxy/phishing_check/web_info/gray_web/cpuzt.cc/57e954bc/2e267148/328ac064/598c9b22/2015-08-01 18:00/15tmp.jpeg', u'0000000000000000000000000000000000000000000000000000000000000000', u'11000011', []]
f2 [2, u'/home/zxy/phishing_check/web_info/counterfeit_web/ccktmp.cc/aba7ed93/4a92b6e0/7c468a48/b79f8d07/2015-08-01 17:29/1tmp.jpeg', u'5aeb58fb597119711971197119711979197b197b093301e7a1e761a7f3a72137', u'01101100', []]
f1 [1, u'/home/zxy/phishing_check/web_info/gray_web/cpuzt.cc/57e954bc/2e267148/328ac064/598c9b22/2015-08-01 18:00/15tmp.jpeg', u'0000000000000000000000000000000000000000000000000000000000000000', u'11000011', []]
f2 [2, u'/home/zxy/phishing_check/web_info/counterfeit_web/ccktmp.cc/aba7ed93/4a92b6e0/7c468a48/b79f8d07/2015-08-01 17:29/2tmp.jpeg', u'5555555555555555555555555555555555555555555555555555555555555555', u'10011000', []]
f1 [1, u'/home/zxy/phishing_check/web_info/gray_web/cpuzt.cc/57e954bc/2e267148/328ac064/598c9b22/2015-08-01 18:00/15tmp.jpeg', u'0000000000000000000000000000000000000000000000000000000000000000', u'11000011', []]
f2 [2, u'/home/zxy/phishing_check/web_info/counterfeit_web/ccktmp.cc/aba7ed93/4a92b6e0/7c468a48/b79f8d07/2015-08-01 17:29/4tmp.jpeg', u'ca74ea74af2baa9ebe2b5adb5a6b92c492d4aa3baa2bef5eaa4a26caaa3aaa1a', u'01001101', []]
f1 [1, u'/home/zxy/phishing_check/web_info/gray_web/cpuzt.cc/57e954bc/2e267148/328ac064/598c9b22/2015-08-01 18:00/15tmp.jpeg', u'0000000000000000000000000000000000000000000000000000000000000000', u'11000011', []]
f2 [2, u'/home/zxy/phishing_check/web_info/counterfeit_web/ccktmp.cc/aba7ed93/4a92b6e0/7c468a48/b79f8d07/2015-08-01 17:29/5tmp.jpeg', u'5f5557555555575553575f55555555555f555555555557555f55555557555f53', u'10001101', []]
f1 [1, u'/home/zxy/phishing_check/web_info/gray_web/cpuzt.cc/57e954bc/2e267148/328ac064/598c9b22/2015-08-01 18:00/15tmp.jpeg', u'0000000000000000000000000000000000000000000000000000000000000000', u'11000011', []]
f2 [2, u'/home/zxy/phishing_check/web_info/counterfeit_web/ccktmp.cc/aba7ed93/4a92b6e0/7c468a48/b79f8d07/2015-08-01 17:29/7tmp.jpeg', u'0f001f001f001f001f001f001f003f003f007f007f00ff00ff01ff01ff00ff01', u'11011000', []]
f1 [1, u'/home/zxy/phishing_check/web_info/gray_web/cpuzt.cc/57e954bc/2e267148/328ac064/598c9b22/2015-08-01 18:00/15tmp.jpeg', u'0000000000000000000000000000000000000000000000000000000000000000', u'11000011', []]
f2 [1, u'/home/zxy/phishing_check/web_info/counterfeit_web/ccktmp.cc/aba7ed93/4a92b6e0/7c468a48/b79f8d07/2015-08-01 17:29/8tmp.jpeg', u'fffffffffefffefffcfffcff9cff9cf39ce39cf39cf31cfb1cfb1cff1c7f1c7f', u'11011000', [[[67, 14, 68, 6], [100, 16], 226.07963198837706, 80.9097230791777, 0.3722313919701624, 2.392687388141643, 0.988071438783843, 0.754648599263251, [0.004442011882512497, 1.923476154785073e-05, 1.3707495207062007e-10, 1.244868749968583e-10, 1.6257803853744103e-20, 5.324847055162269e-13, -3.5329585698933794e-22]], [[166, 1, 72, 19], [201, 10], 125.0, 87.1518120886121, 0.20580767752958123, 4.875591665048323, 0.8820358750165354, 0.9172270001622492, [0.0017805151386135394, 2.2705739440365887e-06, 5.955525516725742e-13, 8.299337495209436e-13, 4.613463408059027e-25, 8.930105654641095e-16, -3.572215338158811e-25]], [[2, 1, 57, 19], [30, 10], 296.0, 71.56505117707799, 0.48735258039004836, 5.114768813297345, 0.8186430523167209, 0.9198099533309324, [0.0019586557639671735, 2.34363162060989e-06, 7.331642954746864e-12, 1.8265176305102374e-12, -6.071643855920418e-24, -2.7793672551792136e-15, -2.794816633067864e-24]]]]
f1 [1, u'/home/zxy/phishing_check/web_info/gray_web/cpuzt.cc/57e954bc/2e267148/328ac064/598c9b22/2015-08-01 18:00/15tmp.jpeg', u'0000000000000000000000000000000000000000000000000000000000000000', u'11000011', []]
f2 [2, u'/home/zxy/phishing_check/web_info/counterfeit_web/ccktmp.cc/aba7ed93/4a92b6e0/7c468a48/b79f8d07/2015-08-01 17:29/9tmp.jpeg', u'0bea8aaa8aa8aa28a6a8bea8ab28ab288f08870883c9a6ca66c2228a328e2a84', u'11011000', []]
f1 [1, u'/home/zxy/phishing_check/web_info/gray_web/cpuzt.cc/57e954bc/2e267148/328ac064/598c9b22/2015-08-01 18:00/15tmp.jpeg', u'0000000000000000000000000000000000000000000000000000000000000000', u'11000011', []]
f2 [2, u'/home/zxy/phishing_check/web_info/counterfeit_web/ccktmp.cc/aba7ed93/4a92b6e0/7c468a48/b79f8d07/2015-08-01 17:29/10tmp.jpeg', u'aaaaaa8aaa9aaab0a8ba88fa98e288e288ea886ac92aa922a9eea9aea92ea96b', u'11011000', []]
f1 [1, u'/home/zxy/phishing_check/web_info/gray_web/cpuzt.cc/57e954bc/2e267148/328ac064/598c9b22/2015-08-01 18:00/15tmp.jpeg', u'0000000000000000000000000000000000000000000000000000000000000000', u'11000011', []]
f2 [2, u'/home/zxy/phishing_check/web_info/counterfeit_web/ccktmp.cc/aba7ed93/4a92b6e0/7c468a48/b79f8d07/2015-08-01 17:29/11tmp.jpeg', u'aaaaaaaaaaaaaaaaaaaab8aa98aa98aa98aab8aaa8aaa8aaa8aaa8aaa8aaa8ae', u'11010100', []]
f1 [1, u'/home/zxy/phishing_check/web_info/gray_web/cpuzt.cc/57e954bc/2e267148/328ac064/598c9b22/2015-08-01 18:00/15tmp.jpeg', u'0000000000000000000000000000000000000000000000000000000000000000', u'11000011', []]
f2 [2, u'/home/zxy/phishing_check/web_info/counterfeit_web/ccktmp.cc/aba7ed93/4a92b6e0/7c468a48/b79f8d07/2015-08-01 17:29/12tmp.jpeg', u'aaaaaaaaa8aa98aa88aa88aaa8aaa8aab8aeb8aeb8aeb8aeb8aeb8aeb8ee98ab', u'11010100', []]
f1 [1, u'/home/zxy/phishing_check/web_info/gray_web/cpuzt.cc/57e954bc/2e267148/328ac064/598c9b22/2015-08-01 18:00/15tmp.jpeg', u'0000000000000000000000000000000000000000000000000000000000000000', u'11000011', []]
f2 [2, u'/home/zxy/phishing_check/web_info/counterfeit_web/ccktmp.cc/aba7ed93/4a92b6e0/7c468a48/b79f8d07/2015-08-01 17:29/13tmp.jpeg', u'aaaab8eeaaaaa8aaa8aaa8aaa8aaa8aaa8aaa8aaa8aaa9aaa9aaa9aaa82aa8aa', u'11010100', []]
f1 [1, u'/home/zxy/phishing_check/web_info/gray_web/cpuzt.cc/57e954bc/2e267148/328ac064/598c9b22/2015-08-01 18:00/15tmp.jpeg', u'0000000000000000000000000000000000000000000000000000000000000000', u'11000011', []]
f2 [1, u'/home/zxy/phishing_check/web_info/counterfeit_web/ccktmp.cc/aba7ed93/4a92b6e0/7c468a48/b79f8d07/2015-08-01 17:29/15tmp.jpeg', u'0000000000000000000000000000000000000000000000000000000000000000', u'11000011', []]
f1 [1, u'/home/zxy/phishing_check/web_info/gray_web/cpuzt.cc/57e954bc/2e267148/328ac064/598c9b22/2015-08-01 18:00/15tmp.jpeg', u'0000000000000000000000000000000000000000000000000000000000000000', u'11000011', []]
f2 [2, u'/home/zxy/phishing_check/web_info/counterfeit_web/ccktmp.cc/aba7ed93/4a92b6e0/7c468a48/b79f8d07/2015-08-01 17:29/16tmp.jpeg', u'1c7c4496c4dec926ca26c87fc8cfb55eb55ab5fab57ab5f6d5afd5aaef433cfe', u'11011000', []]
f1 [2, u'/home/zxy/phishing_check/web_info/gray_web/cpuzt.cc/57e954bc/2e267148/328ac064/598c9b22/2015-08-01 18:00/16tmp.jpeg', u'1c7c4496c4dec926ca26c87fc8cfb55eb55ab5fab57ab5f6d5afd5aaef433cfe', u'11011000', []]
f2 [2, u'/home/zxy/phishing_check/web_info/counterfeit_web/ccktmp.cc/aba7ed93/4a92b6e0/7c468a48/b79f8d07/2015-08-01 17:29/0tmp.jpeg', u'df7dff7ddf75ff75d67d965d365d38ed18e9186938693869ba69b269ba69ba69', u'00111000', []]
f1 [2, u'/home/zxy/phishing_check/web_info/gray_web/cpuzt.cc/57e954bc/2e267148/328ac064/598c9b22/2015-08-01 18:00/16tmp.jpeg', u'1c7c4496c4dec926ca26c87fc8cfb55eb55ab5fab57ab5f6d5afd5aaef433cfe', u'11011000', []]
f2 [2, u'/home/zxy/phishing_check/web_info/counterfeit_web/ccktmp.cc/aba7ed93/4a92b6e0/7c468a48/b79f8d07/2015-08-01 17:29/1tmp.jpeg', u'5aeb58fb597119711971197119711979197b197b093301e7a1e761a7f3a72137', u'01101100', []]
f1 [2, u'/home/zxy/phishing_check/web_info/gray_web/cpuzt.cc/57e954bc/2e267148/328ac064/598c9b22/2015-08-01 18:00/16tmp.jpeg', u'1c7c4496c4dec926ca26c87fc8cfb55eb55ab5fab57ab5f6d5afd5aaef433cfe', u'11011000', []]
f2 [2, u'/home/zxy/phishing_check/web_info/counterfeit_web/ccktmp.cc/aba7ed93/4a92b6e0/7c468a48/b79f8d07/2015-08-01 17:29/2tmp.jpeg', u'5555555555555555555555555555555555555555555555555555555555555555', u'10011000', []]
f1 [2, u'/home/zxy/phishing_check/web_info/gray_web/cpuzt.cc/57e954bc/2e267148/328ac064/598c9b22/2015-08-01 18:00/16tmp.jpeg', u'1c7c4496c4dec926ca26c87fc8cfb55eb55ab5fab57ab5f6d5afd5aaef433cfe', u'11011000', []]
f2 [2, u'/home/zxy/phishing_check/web_info/counterfeit_web/ccktmp.cc/aba7ed93/4a92b6e0/7c468a48/b79f8d07/2015-08-01 17:29/4tmp.jpeg', u'ca74ea74af2baa9ebe2b5adb5a6b92c492d4aa3baa2bef5eaa4a26caaa3aaa1a', u'01001101', []]
f1 [2, u'/home/zxy/phishing_check/web_info/gray_web/cpuzt.cc/57e954bc/2e267148/328ac064/598c9b22/2015-08-01 18:00/16tmp.jpeg', u'1c7c4496c4dec926ca26c87fc8cfb55eb55ab5fab57ab5f6d5afd5aaef433cfe', u'11011000', []]
f2 [2, u'/home/zxy/phishing_check/web_info/counterfeit_web/ccktmp.cc/aba7ed93/4a92b6e0/7c468a48/b79f8d07/2015-08-01 17:29/5tmp.jpeg', u'5f5557555555575553575f55555555555f555555555557555f55555557555f53', u'10001101', []]
f1 [2, u'/home/zxy/phishing_check/web_info/gray_web/cpuzt.cc/57e954bc/2e267148/328ac064/598c9b22/2015-08-01 18:00/16tmp.jpeg', u'1c7c4496c4dec926ca26c87fc8cfb55eb55ab5fab57ab5f6d5afd5aaef433cfe', u'11011000', []]
f2 [2, u'/home/zxy/phishing_check/web_info/counterfeit_web/ccktmp.cc/aba7ed93/4a92b6e0/7c468a48/b79f8d07/2015-08-01 17:29/7tmp.jpeg', u'0f001f001f001f001f001f001f003f003f007f007f00ff00ff01ff01ff00ff01', u'11011000', []]
f1 [2, u'/home/zxy/phishing_check/web_info/gray_web/cpuzt.cc/57e954bc/2e267148/328ac064/598c9b22/2015-08-01 18:00/16tmp.jpeg', u'1c7c4496c4dec926ca26c87fc8cfb55eb55ab5fab57ab5f6d5afd5aaef433cfe', u'11011000', []]
f2 [1, u'/home/zxy/phishing_check/web_info/counterfeit_web/ccktmp.cc/aba7ed93/4a92b6e0/7c468a48/b79f8d07/2015-08-01 17:29/8tmp.jpeg', u'fffffffffefffefffcfffcff9cff9cf39ce39cf39cf31cfb1cfb1cff1c7f1c7f', u'11011000', [[[67, 14, 68, 6], [100, 16], 226.07963198837706, 80.9097230791777, 0.3722313919701624, 2.392687388141643, 0.988071438783843, 0.754648599263251, [0.004442011882512497, 1.923476154785073e-05, 1.3707495207062007e-10, 1.244868749968583e-10, 1.6257803853744103e-20, 5.324847055162269e-13, -3.5329585698933794e-22]], [[166, 1, 72, 19], [201, 10], 125.0, 87.1518120886121, 0.20580767752958123, 4.875591665048323, 0.8820358750165354, 0.9172270001622492, [0.0017805151386135394, 2.2705739440365887e-06, 5.955525516725742e-13, 8.299337495209436e-13, 4.613463408059027e-25, 8.930105654641095e-16, -3.572215338158811e-25]], [[2, 1, 57, 19], [30, 10], 296.0, 71.56505117707799, 0.48735258039004836, 5.114768813297345, 0.8186430523167209, 0.9198099533309324, [0.0019586557639671735, 2.34363162060989e-06, 7.331642954746864e-12, 1.8265176305102374e-12, -6.071643855920418e-24, -2.7793672551792136e-15, -2.794816633067864e-24]]]]
f1 [2, u'/home/zxy/phishing_check/web_info/gray_web/cpuzt.cc/57e954bc/2e267148/328ac064/598c9b22/2015-08-01 18:00/16tmp.jpeg', u'1c7c4496c4dec926ca26c87fc8cfb55eb55ab5fab57ab5f6d5afd5aaef433cfe', u'11011000', []]
f2 [2, u'/home/zxy/phishing_check/web_info/counterfeit_web/ccktmp.cc/aba7ed93/4a92b6e0/7c468a48/b79f8d07/2015-08-01 17:29/9tmp.jpeg', u'0bea8aaa8aa8aa28a6a8bea8ab28ab288f08870883c9a6ca66c2228a328e2a84', u'11011000', []]
f1 [2, u'/home/zxy/phishing_check/web_info/gray_web/cpuzt.cc/57e954bc/2e267148/328ac064/598c9b22/2015-08-01 18:00/16tmp.jpeg', u'1c7c4496c4dec926ca26c87fc8cfb55eb55ab5fab57ab5f6d5afd5aaef433cfe', u'11011000', []]
f2 [2, u'/home/zxy/phishing_check/web_info/counterfeit_web/ccktmp.cc/aba7ed93/4a92b6e0/7c468a48/b79f8d07/2015-08-01 17:29/10tmp.jpeg', u'aaaaaa8aaa9aaab0a8ba88fa98e288e288ea886ac92aa922a9eea9aea92ea96b', u'11011000', []]
f1 [2, u'/home/zxy/phishing_check/web_info/gray_web/cpuzt.cc/57e954bc/2e267148/328ac064/598c9b22/2015-08-01 18:00/16tmp.jpeg', u'1c7c4496c4dec926ca26c87fc8cfb55eb55ab5fab57ab5f6d5afd5aaef433cfe', u'11011000', []]
f2 [2, u'/home/zxy/phishing_check/web_info/counterfeit_web/ccktmp.cc/aba7ed93/4a92b6e0/7c468a48/b79f8d07/2015-08-01 17:29/11tmp.jpeg', u'aaaaaaaaaaaaaaaaaaaab8aa98aa98aa98aab8aaa8aaa8aaa8aaa8aaa8aaa8ae', u'11010100', []]
f1 [2, u'/home/zxy/phishing_check/web_info/gray_web/cpuzt.cc/57e954bc/2e267148/328ac064/598c9b22/2015-08-01 18:00/16tmp.jpeg', u'1c7c4496c4dec926ca26c87fc8cfb55eb55ab5fab57ab5f6d5afd5aaef433cfe', u'11011000', []]
f2 [2, u'/home/zxy/phishing_check/web_info/counterfeit_web/ccktmp.cc/aba7ed93/4a92b6e0/7c468a48/b79f8d07/2015-08-01 17:29/12tmp.jpeg', u'aaaaaaaaa8aa98aa88aa88aaa8aaa8aab8aeb8aeb8aeb8aeb8aeb8aeb8ee98ab', u'11010100', []]
f1 [2, u'/home/zxy/phishing_check/web_info/gray_web/cpuzt.cc/57e954bc/2e267148/328ac064/598c9b22/2015-08-01 18:00/16tmp.jpeg', u'1c7c4496c4dec926ca26c87fc8cfb55eb55ab5fab57ab5f6d5afd5aaef433cfe', u'11011000', []]
f2 [2, u'/home/zxy/phishing_check/web_info/counterfeit_web/ccktmp.cc/aba7ed93/4a92b6e0/7c468a48/b79f8d07/2015-08-01 17:29/13tmp.jpeg', u'aaaab8eeaaaaa8aaa8aaa8aaa8aaa8aaa8aaa8aaa8aaa9aaa9aaa9aaa82aa8aa', u'11010100', []]
f1 [2, u'/home/zxy/phishing_check/web_info/gray_web/cpuzt.cc/57e954bc/2e267148/328ac064/598c9b22/2015-08-01 18:00/16tmp.jpeg', u'1c7c4496c4dec926ca26c87fc8cfb55eb55ab5fab57ab5f6d5afd5aaef433cfe', u'11011000', []]
f2 [1, u'/home/zxy/phishing_check/web_info/counterfeit_web/ccktmp.cc/aba7ed93/4a92b6e0/7c468a48/b79f8d07/2015-08-01 17:29/15tmp.jpeg', u'0000000000000000000000000000000000000000000000000000000000000000', u'11000011', []]
f1 [2, u'/home/zxy/phishing_check/web_info/gray_web/cpuzt.cc/57e954bc/2e267148/328ac064/598c9b22/2015-08-01 18:00/16tmp.jpeg', u'1c7c4496c4dec926ca26c87fc8cfb55eb55ab5fab57ab5f6d5afd5aaef433cfe', u'11011000', []]
f2 [2, u'/home/zxy/phishing_check/web_info/counterfeit_web/ccktmp.cc/aba7ed93/4a92b6e0/7c468a48/b79f8d07/2015-08-01 17:29/16tmp.jpeg', u'1c7c4496c4dec926ca26c87fc8cfb55eb55ab5fab57ab5f6d5afd5aaef433cfe', u'11011000', []]
Sat Aug  1 20:29:14 2015  message ip: 192.168.174.128, port: 23450, engine_type: 00, message_type: 7, for task: 81
Sat Aug  1 20:29:14 2015 |*|engine win over|*|, task_id: 81

***********************************************************
Sat Aug  1 20:31:01 2015: engine server start
Sat Aug  1 20:31:01 2015: server register
Sat Aug  1 20:31:01 2015: monitor port 23470
————————————————————————————————————————————————————
Sat Aug  1 20:31:03 2015  request from : ('192.168.174.128', 49586): engine message_type : 0 task_id : 81 
Sat Aug  1 20:31:03 2015  |*|view receive task_id|*|: 81
Sat Aug  1 20:31:03 2015  connect mysql win, ip: 192.168.65.148
Sat Aug  1 20:31:03 2015  connect mongo win, ip: 192.168.65.148
Sat Aug  1 20:31:31 2015  connect mysql win, ip: 192.168.65.148
iterm_initial 
Sat Aug  1 20:31:53 2015  connect mysql win, ip: 192.168.65.148
Sat Aug  1 20:31:53 2015  message ip: 192.168.174.128, port: 23450, engine_type: 00, message_type: 7, for task: 81
Sat Aug  1 20:31:53 2015 |*|engine win over|*|, task_id: 81

***********************************************************
Sat Aug  1 20:37:40 2015: engine server start
Sat Aug  1 20:37:41 2015  connect mysql win, ip: 192.168.65.148
Sat Aug  1 20:37:41 2015: server register
Sat Aug  1 20:37:41 2015: monitor port 23470
————————————————————————————————————————————————————
Sat Aug  1 20:37:49 2015  request from : ('192.168.174.128', 49601): engine message_type : 0 task_id : 81 
Sat Aug  1 20:37:49 2015  |*|view receive task_id|*|: 81
Sat Aug  1 20:37:49 2015  connect mysql win, ip: 192.168.65.148
Sat Aug  1 20:37:49 2015  connect mongo win, ip: 192.168.65.148
Sat Aug  1 20:38:33 2015  message ip: 192.168.174.128, port: 23450, engine_type: 00, message_type: 7, for task: 81
Sat Aug  1 20:38:33 2015 |*|engine win over|*|, task_id: 81

***********************************************************
Sat Aug  1 20:40:43 2015: engine server start
Sat Aug  1 20:40:43 2015: server register
Sat Aug  1 20:40:43 2015: monitor port 23470
————————————————————————————————————————————————————
Sat Aug  1 20:40:44 2015  request from : ('192.168.174.128', 49608): engine message_type : 0 task_id : 81 
Sat Aug  1 20:40:44 2015  |*|view receive task_id|*|: 81
Sat Aug  1 20:40:44 2015  connect mysql win, ip: 192.168.65.148
Sat Aug  1 20:40:44 2015  connect mongo win, ip: 192.168.65.148
Sat Aug  1 20:40:58 2015  connect mysql win, ip: 192.168.65.148
Sat Aug  1 20:40:58 2015  message ip: 192.168.174.128, port: 23450, engine_type: 00, message_type: 6, for task: 81
Sat Aug  1 20:40:58 2015 |*|engine win over|*|, task_id: 81
Sat Aug  1 20:41:13 2015  connect mysql win, ip: 192.168.65.148
Sat Aug  1 20:48:45 2015  request from : ('192.168.174.128', 49649): engine message_type : 0 task_id : 82 
Sat Aug  1 20:48:45 2015  |*|view receive task_id|*|: 82
Sat Aug  1 20:48:45 2015  connect mysql win, ip: 192.168.65.148
Sat Aug  1 20:48:45 2015  connect mongo win, ip: 192.168.65.148
Sat Aug  1 20:49:05 2015  message ip: 192.168.174.128, port: 23450, engine_type: 00, message_type: 6, for task: 82
Sat Aug  1 20:49:05 2015 |*|engine win over|*|, task_id: 82
Sat Aug  1 20:50:43 2015  connect mysql win, ip: 192.168.65.148
Sat Aug  1 21:03:31 2015  request from : ('192.168.174.128', 49708): engine message_type : 0 task_id : 84 
Sat Aug  1 21:03:31 2015  |*|view receive task_id|*|: 84
Sat Aug  1 21:03:31 2015  connect mysql win, ip: 192.168.65.148
Sat Aug  1 21:03:31 2015  connect mongo win, ip: 192.168.65.148
Sat Aug  1 21:03:55 2015  message ip: 192.168.174.128, port: 23450, engine_type: 00, message_type: 6, for task: 84
Sat Aug  1 21:03:55 2015 |*|engine win over|*|, task_id: 84
Sat Aug  1 21:12:07 2015  request from : ('192.168.174.128', 49827): engine message_type : 0 task_id : 86 
Sat Aug  1 21:12:07 2015  |*|view receive task_id|*|: 86
Sat Aug  1 21:12:07 2015  connect mysql win, ip: 192.168.65.148
Sat Aug  1 21:12:07 2015  connect mongo win, ip: 192.168.65.148
Sat Aug  1 21:12:29 2015  message ip: 192.168.174.128, port: 23450, engine_type: 00, message_type: 6, for task: 86
Sat Aug  1 21:12:29 2015 |*|engine win over|*|, task_id: 86

***********************************************************
Sun Aug  2 11:53:24 2015: engine server start
Sun Aug  2 11:53:24 2015  connect mysql win, ip: 192.168.65.148
Sun Aug  2 11:53:24 2015: server register
Sun Aug  2 11:53:24 2015: monitor port 23470
————————————————————————————————————————————————————
Sun Aug  2 16:35:30 2015  connect mysql win, ip: 192.168.65.148
