2015-07-17 20:20:54,546 CRITI www.hitwh.edu.cn For detail in 
2015-07-17 20:22:24,831 INFO  Url:http://www.hitwh.edu.cn/ in database.
2015-07-23 15:58:27,932 INFO  Url:http://www.baidu.com/ in database.
2015-07-23 16:29:33,640 INFO  Url:http://www.sina.com/ in database.
2015-07-23 16:29:40,847 INFO  Url:http://www.baidu.com/ in database.
2015-07-23 16:31:38,612 INFO  Url:http://www.sina.com/ in database.
2015-07-23 16:31:41,184 INFO  Url:http://www.baidu.com/ in database.
2015-07-23 16:36:39,693 INFO  Url:http://www.sina.com/ in database.
2015-07-23 16:36:41,950 INFO  Url:http://www.baidu.com/ in database.
2015-07-23 16:37:32,438 INFO  Url:http://www.baidu.com/ in database.
2015-07-24 09:29:31,293 INFO  Url:http://bfssr.cc/ in database.
2015-07-24 22:19:34,867 ERROR http://www.tetbnga.cc/:Error: [Errno -5] No address associated with hostname
2015-07-24 22:19:35,303 ERROR http://pnanem.cc/:Error: [Errno -5] No address associated with hostname
2015-07-24 22:19:35,612 ERROR http://fdtync.cc/:Error: [Errno -5] No address associated with hostname
2015-07-24 22:19:36,146 ERROR http://www.benbitoi.com/:Error: [Errno -5] No address associated with hostname
2015-07-24 22:19:36,485 ERROR http://paosy.cc/:Error: [Errno -5] No address associated with hostname
2015-07-24 22:19:36,895 ERROR http://zglxdpbv.cc/index4.asp/:Error: [Errno -5] No address associated with hostname
2015-07-24 22:33:37,630 INFO  Url:http://bfssr.cc/ in database.
2015-07-24 22:42:55,979 INFO  Url:http://bfssr.cc/ in database.
2015-07-25 09:26:38,369 INFO  Url:http://bfssr.cc/ in database.
2015-07-25 09:49:27,651 INFO  Url:http://bfssr.cc/ in database.
2015-07-25 09:49:46,213 INFO  Url:http://bfssr.cc/ in database.
2015-07-25 09:50:53,529 INFO  Url:http://bfssr.cc/ in database.
2015-07-25 09:51:29,753 INFO  Url:http://bfssr.cc/ in database.
2015-07-25 11:25:27,799 ERROR http://www.vip.zhaopin88.zhongdoudou.net:Error: [Errno -5] No address associated with hostname
2015-07-25 15:09:05,159 CRITI zhongdoudou.net For detail in whois.nawang.cn
2015-07-25 15:11:07,695 INFO  Url:http://www.vip.zhaopin88.zhongdoudou.net in database.
2015-07-25 15:28:06,355 INFO  Url:http://bfssr.cc/ in database.
2015-07-25 15:32:46,294 INFO  Url:http://bfssr.cc/ in database.
2015-07-25 15:37:58,848 INFO  Url:http://bfssr.cc/ in database.
2015-07-25 15:40:57,797 INFO  Url:http://bfssr.cc/ in database.
2015-07-25 15:42:46,443 INFO  Url:http://bfssr.cc/ in database.
2015-07-25 15:54:46,078 INFO  Url:http://bfssr.cc/ in database.
2015-07-25 21:15:51,866 INFO  Url:http://bfssr.cc/ in database.
2015-07-25 22:38:58,686 INFO  Url:http://bfssr.cc/ in database.
2015-07-25 22:40:48,601 INFO  Url:http://bfssr.cc/ in database.
2015-07-25 22:41:20,986 INFO  Url:http://bfssr.cc/ in database.
2015-07-26 14:36:12,045 INFO  Url:http://bfssr.cc/ in database.
2015-07-27 14:24:27,486 ERROR http://svevr-4.cn/?BAIQU=12755.html:Error: [Errno -5] No address associated with hostname
2015-07-27 15:14:16,057 ERROR http://svevr-4.cn/:Error: [Errno -5] No address associated with hostname
2015-07-27 19:47:56,973 INFO  Url:http://bfssr.cc/ in database.
2015-07-27 19:48:05,023 CRITI www.ariany.pl For detail in 
2015-07-27 19:48:05,252 ERROR http://friendsvella.com/wordpress/234832789479325456/2/1//1//2178716218/portal/personas/acceso.web?grupo=31&elemento=111&fullSite=tru/:Error: [Errno -5] No address associated with hostname
2015-07-27 19:48:05,689 ERROR http://autonoreply34189273091columphpindex.amarena.cl/:Error: [Errno -5] No address associated with hostname
2015-07-27 19:48:06,088 ERROR http://online.lloydsbank.co.uk.personal.logon.login.jsp.asamonspm.com/898ee144ff366707a9130af0c3a8e7f2/:Error: [Errno -5] No address associated with hostname
2015-07-27 19:48:06,342 ERROR http://autotakeactionreply6120972301683984columnindexphpconfigphp.stubclub.org/:Error: [Errno -5] No address associated with hostname
2015-07-27 19:48:07,013 ERROR http://autotakeactionreply0972301683984columnindexphpconfigphp.sivasantikhediyelik.com/:Error: [Errno -5] No address associated with hostname
2015-07-27 19:48:07,382 ERROR http://login.success.lloyds.homepage.true.info.details.answer.login.php.liftupj23.org/0df62134365274ff1ee64b0ef4910f59/:Error: [Errno -5] No address associated with hostname
2015-07-27 19:48:07,583 ERROR http://federalgraphics.ca/wp-includes/Text/Diff/Engine/chase/index.php?Search=&YY=27774&chase=secure_194update_security06_1758chase_online3472_0your_4825_account16178_71226114&inc=&order=down&pos=0&sort=dat/:Error: [Errno -5] No address associated with hostname
2015-07-27 19:48:08,223 ERROR http://eqstech.qehs.info/isy/ccbill/indentification/chases/verifyy/Logon.php?LOB=RBGLogon&_pageLabel=page_logonfor/:Error: [Errno -5] No address associated with hostname
2015-07-27 19:48:08,824 ERROR http://arquivos.ambientelocal.com/load/1/c3cdc3b0aa199df7526a1382c6f0565c/:Error: [Errno -5] No address associated with hostname
2015-07-27 19:48:09,228 ERROR http://logboxusa.com/~logbox/tmp/dept/che/Logon.php?LOB=RBGLogon&_pageLabel=page_logonfor/:Error: [Errno -5] No address associated with hostname
2015-07-27 19:48:09,651 INFO  Url:http://192.185.146.139/~update1/uchas/ssl/login.ph/ in database.
2015-07-27 19:48:09,960 ERROR http://ledelgroup.kz/plugins/chaseonline.chase.com/df6d03dea3b63f31777af2c1bd2e0559/:Error: [Errno -5] No address associated with hostname
2015-07-27 19:48:10,156 ERROR http://id-fashion.net/Chase/chaseonline.com/login.php?error=valid;session;fca83a25b6c7d4d282431038ddbab736fca83a25b6c7d4d282431038ddbab73/:Error: [Errno -5] No address associated with hostname
2015-07-27 19:53:35,923 INFO  Url:http://bfssr.cc/ in database.
2015-07-27 19:53:37,200 INFO  Url:http://www.ariany.pl/wp-admin/css/tescobank.com/ in database.
2015-07-27 19:53:49,005 CRITI autonoreply34189273091columphpindex.amarena.cl For detail in 
2015-07-27 19:53:54,688 ERROR http://online.lloydsbank.co.uk.personal.logon.login.jsp.asamonspm.com/898ee144ff366707a9130af0c3a8e7f2/:Error: [Errno -5] No address associated with hostname
2015-07-27 19:53:54,953 ERROR http://autotakeactionreply6120972301683984columnindexphpconfigphp.stubclub.org/:Error: [Errno -5] No address associated with hostname
2015-07-27 19:53:55,261 ERROR http://autotakeactionreply0972301683984columnindexphpconfigphp.sivasantikhediyelik.com/:Error: [Errno -5] No address associated with hostname
2015-07-27 19:53:55,537 ERROR http://login.success.lloyds.homepage.true.info.details.answer.login.php.liftupj23.org/0df62134365274ff1ee64b0ef4910f59/:Error: [Errno -5] No address associated with hostname
2015-07-27 19:53:55,711 ERROR http://federalgraphics.ca/wp-includes/Text/Diff/Engine/chase/index.php?Search=&YY=27774&chase=secure_194update_security06_1758chase_online3472_0your_4825_account16178_71226114&inc=&order=down&pos=0&sort=dat/:Error: [Errno -5] No address associated with hostname
2015-07-27 19:53:56,021 ERROR http://eqstech.qehs.info/isy/ccbill/indentification/chases/verifyy/Logon.php?LOB=RBGLogon&_pageLabel=page_logonfor/:Error: [Errno -5] No address associated with hostname
2015-07-27 19:53:56,318 ERROR http://arquivos.ambientelocal.com/load/1/c3cdc3b0aa199df7526a1382c6f0565c/:Error: [Errno -5] No address associated with hostname
2015-07-27 19:53:56,591 ERROR http://logboxusa.com/~logbox/tmp/dept/che/Logon.php?LOB=RBGLogon&_pageLabel=page_logonfor/:Error: [Errno -5] No address associated with hostname
2015-07-27 19:53:56,796 INFO  Url:http://192.185.146.139/~update1/uchas/ssl/login.ph/ in database.
2015-07-27 19:53:57,108 ERROR http://ledelgroup.kz/plugins/chaseonline.chase.com/df6d03dea3b63f31777af2c1bd2e0559/:Error: [Errno -5] No address associated with hostname
2015-07-27 19:53:57,303 ERROR http://id-fashion.net/Chase/chaseonline.com/login.php?error=valid;session;fca83a25b6c7d4d282431038ddbab736fca83a25b6c7d4d282431038ddbab73/:Error: [Errno -5] No address associated with hostname
2015-07-27 19:54:02,974 INFO  Url:http://www.managingbyod.com/fdl.ccchazz1ze11/0c22adc34598ae4052374c759ea5c290/mpp/s543/ in database.
2015-07-27 19:54:05,740 INFO  Url:http://w22r62gm1.homepage.t-online.de/c/Logon.php?LOB=RBGLogon&_pageLabel=page_logonfor/ in database.
2015-07-27 19:54:08,241 INFO  Url:http://agvsst.com/wp-content/plugins/chase.account/index.htm/ in database.
2015-07-27 20:00:27,776 CRITI ishqishq.com For detail in 
2015-07-27 20:00:32,810 ERROR http://greennovatec.com/secure-center/Chase/Fullz/Billing.php?LOB=Verfiy_Inf/:Error: 'utf8' codec can't decode byte 0xef in position 3193: invalid continuation byte
2015-07-27 20:00:50,104 ERROR http://insurancecenter.gr/editedwells/:Error: No root WHOIS server found for domain.
2015-07-27 20:00:50,712 ERROR http://simayyapi.com/editedwells/res.ph/:Error: [Errno -5] No address associated with hostname
2015-07-27 20:00:50,830 ERROR http://www.kaybouvet.com/wellsfargo%%20online/account/verification/2d8b63851a687ee975e5f6f90409c984/index_login.ht/:Error: [Errno -5] No address associated with hostname
2015-07-27 20:00:51,157 ERROR http://komornikgdansk-majdzinski.pl/notice/detailsq.htm/:Error: [Errno -5] No address associated with hostname
2015-07-27 20:00:51,649 ERROR http://rubeaan.com/cgi-bins/online.wellsfargo.com/SignON.ht/:Error: [Errno -5] No address associated with hostname
2015-07-27 20:00:52,059 ERROR http://lawnmalta.com/includes/Sichern/Sie/Ihre/Online-Banking-Konto/sparkasse.de/:Error: [Errno -5] No address associated with hostname
2015-07-27 20:00:52,513 ERROR http://blog.smartsiteng.com/www.spk.de/spk.sicherheit.ht/:Error: [Errno -5] No address associated with hostname
2015-07-27 20:00:53,056 ERROR http://filnicon.com/www.spk.de/spk.sicherheit.ht/:Error: [Errno -5] No address associated with hostname
2015-07-27 20:00:53,349 ERROR http://nta.tardieu.info/mirc/login.aspx.htm?logon=myposte&6640330fac79da4365638/:Error: [Errno -5] No address associated with hostname
2015-07-27 20:00:53,522 ERROR http://www.id-loker.com/pt-bank-dki-s1-s2-deputy-branch-head-branch-head-bank-dki-june-2015.html/:Error: [Errno -5] No address associated with hostname
2015-07-27 20:00:53,888 ERROR http://www.chebupngon.com/media/Re5Du2CE8Re6/v1.php?logon=689&personal=9118/:Error: [Errno -5] No address associated with hostname
2015-07-27 20:00:54,196 ERROR http://www.comoimportarroupasdemarca.net/Boc9nca/v1.php/:Error: [Errno -5] No address associated with hostname
2015-07-27 20:00:54,547 ERROR http://berzatti.co.za/Xa0nA1Ti8tA5/v1.php?personalU1611&logo/:Error: [Errno -5] No address associated with hostname
2015-07-27 20:00:54,953 ERROR http://www.chebupngon.com/media/cr0ED3Ul2uL9/v1.php?personal=755612&logon=915/:Error: [Errno -5] No address associated with hostname
2015-07-27 20:00:55,358 ERROR http://blog.rafalpikul.com/wp-content/sA8Lo7mE8/v1.php?logon=13141/:Error: [Errno -5] No address associated with hostname
2015-07-27 20:00:55,807 ERROR http://idosk8.com/wp-content/plugins/IN9JU8ri1I/v1.php?amp;logo/:Error: [Errno -5] No address associated with hostname
2015-07-27 20:01:01,735 ERROR http://rhthai.com/wp-content/themes/realia/templates/cache/a2/3e/TD%%20Canada%%20Trust%%20EasyWeb%%20Online%%20Banking%%20Canada/:Error: [Errno -5] No address associated with hostname
2015-07-27 20:04:59,389 ERROR http://rbcroyalbank.com.igrejavideira.com/rbcroyalbank.com/rbc/:Error: [Errno -5] No address associated with hostname
2015-07-27 20:04:59,934 ERROR http://amazonas.travel/images/cover/rbc-online-new/rbc/index.ph/:Error: [Errno -5] No address associated with hostname
2015-07-27 20:06:36,633 CRITI cimorellibr.com For detail in whois.PublicDomainRegistry.com
2015-07-27 20:06:43,292 CRITI aleart.bankofamerica.com.deportescurico.cl For detail in 
2015-07-27 20:06:51,799 ERROR http://unitedbroadcast.pro/b0/9db44160481e5fc7ad7014b361ced1bf/fso.php?section=72703&reason=&portal=&dltoken=2edf4de0ee0bf18d91766ebc3eed9de/:Error: [Errno -5] No address associated with hostname
2015-07-27 20:06:52,249 ERROR http://callcentertraininglaguna.com/app.bankofamerica.com.system.new.up/a4398a7a8c8b5a7cd2169e4474f0fb72/index.ph/:Error: [Errno -5] No address associated with hostname
2015-07-27 20:06:57,848 ERROR http://app.bankofamerica.com.system.new.up.arasaki-trade.com/dddd/bankofamerica.com.section=portal=&dltoken=aca19743242354533242703&/?country=USA&mapAndList=mapAndList&postalCode=Taft,Tx.%%2078390&searchCustom__origin=&searchCustom__passThrough=tru/:Error: [Errno -5] No address associated with hostname
2015-07-27 20:07:17,343 ERROR http://grupohualpen.cl/app.bankofamerica.com.system.new.up/6157e84763c4796570fc04800075104e/:Error: 'utf8' codec can't decode byte 0xf3 in position 212: invalid continuation byte
2015-07-27 20:07:21,504 ERROR http://createcrafts.ph/bankofamerica.com.update.login.in.info/0aed6e1c5f3fa80e3b51b22c8710ca3f/:Error: No root WHOIS server found for domain.
2015-07-27 20:07:29,115 ERROR http://mywmcenter.com/bankofamerica.com/boaaa/sitekeyverification.htm/:Error: [Errno -5] No address associated with hostname
2015-07-27 20:07:29,321 ERROR http://www.tcgspokane.com/includes/boa/boa/sas/cgi-bin/ias/A/1/bofa/ibd/IAS/presentation/pm_token=C2886KJEHD89483JSO3829ENDHU8392OJD/safe.ssl.confirm.onlinebankingofamerica.com/index.htm/:Error: [Errno -5] No address associated with hostname
2015-07-27 20:07:29,780 ERROR http://habutu.com/bankofamerica.com/signon.php?amp/:Error: [Errno -5] No address associated with hostname
2015-07-27 20:07:30,753 INFO  Url:http://95.31.11.93/wordpress/Bin/Bu7jkDLlDOeVxqlv2i8I/Kxts91OVVhPa27u/?3Q7sNH5vAqNPrxRc4kEdmt9iKZsM7=/ in database.
2015-07-27 20:07:44,972 CRITI bankofamerica.dezfulnameh.ir For detail in 
2015-07-27 20:07:52,529 CRITI bankofamerica.enof.dz For detail in 
2015-07-27 20:08:17,501 ERROR http://www.woodsidenylawyer.com/wp-admin/images/standardcino1/standard/index.php/:Error: [Errno -5] No address associated with hostname
2015-07-27 20:08:18,154 ERROR http://housedoctor.mn/m2uSession/Welcome.htm/:Error: [Errno -5] No address associated with hostname
2015-07-27 20:08:18,354 ERROR http://communicateone.net/wp-includes/SimplePie/m2uSession/m2uSession/m2uSession/Welcome.htm/:Error: [Errno -5] No address associated with hostname
2015-07-27 20:08:24,132 ERROR http://bestwestern.pt/aavv/logs/my.commbank.com.au/netbank/Logo/:Error: [Errno -5] No address associated with hostname
2015-07-27 20:08:24,605 ERROR http://https.bankofcashton.com/resource-center/community-links/:Error: [Errno -5] No address associated with hostname
2015-07-31 11:45:25,408 INFO  Url:http://bzna7.cc/ in database.
2015-07-31 11:48:29,016 INFO  Url:http://bxtezp.cc/ in database.
